<?xml version="1.0" encoding="UTF-8"?>
<testsuites name="loginTestRunCollection" time="20.443" tests="1" failures="0" errors="0">
   <testsuite name="loginTestRunCollection" tests="1" failures="0" errors="0" time="20.443" skipped="0" timestamp="30-05-2024T12:01:21" hostname="GA253NH - IN3268364W1.ey.net" id="Test Suites/loginTestRunCollection">
      <properties>
         <property name="deviceName" value=""/>
         <property name="devicePlatform" value=""/>
         <property name="logFolder" value="C:\\Users\\GA253NH\\git\\katalonpractice\\Reports\\20240530_115856\\loginTestRunCollection\\20240530_120111"/>
         <property name="logFiles" value="C:\\Users\\GA253NH\\git\\katalonpractice\\Reports\\20240530_115856\\loginTestRunCollection\\20240530_120111\\execution0.log"/>
         <property name="attachments" value="keyes\keyes-screenshotpicture.png"/>
         <property name="hostName" value="GA253NH - IN3268364W1.ey.net"/>
         <property name="os" value="Windows 10 64bit"/>
         <property name="katalonVersion" value="9.4.0.212"/>
         <property name="browser" value="Edge Chromium 125"/>
         <property name="hostAddress" value="192.168.0.101"/>
         <property name="sessionId" value="53818374814f571df24256fab58e45a5"/>
         <property name="seleniumVersion" value="3.141.59"/>
         <property name="proxyInformation" value="ProxyInformation { proxyOption=NO_PROXY, proxyServerType=HTTP, username=, password=********, proxyServerAddress=, proxyServerPort=0, executionList=&quot;&quot;, isApplyToDesiredCapabilities=true }"/>
         <property name="platform" value="Windows 10"/>
      </properties>
      <testcase name="Test Cases/loginRunTime" time="20.084" classname="Test Cases/loginRunTime" status="PASSED">
         <system-out><![CDATA[30-05-2024T12:01:21 - [TEST_CASE][PASSED] - Test Cases/loginRunTime: Test Cases/loginRunTime

30-05-2024T12:01:22 - [TEST_STEP][PASSED] - callTestCase(findTestCase("login"), ["username":"standard_user", "password":"secret_sauce", "url":"https://www.saucedemo.com/v1/"], STOP_ON_FAILURE): Call Test Case 'Test Cases/login' successfully

30-05-2024T12:01:22 - [TEST_CASE][PASSED] - Test Cases/login: Test Cases/login

30-05-2024T12:01:22 - [TEST_STEP][PASSED] - openBrowser(""): Browser is opened with url: ''

30-05-2024T12:01:23 - [MESSAGE][INFO] - Starting 'Edge Chromium' driver

30-05-2024T12:01:26 - [MESSAGE][INFO] - Action delay is set to 0 milliseconds

30-05-2024T12:01:30 - [MESSAGE][PASSED] - Browser is opened with url: ''

30-05-2024T12:01:30 - [TEST_STEP][PASSED] - navigateToUrl(url): Navigate to 'https://www.saucedemo.com/v1/' successfully

30-05-2024T12:01:33 - [MESSAGE][PASSED] - Navigate to 'https://www.saucedemo.com/v1/' successfully

30-05-2024T12:01:33 - [TEST_STEP][PASSED] - setText(findTestObject("Object Repository/order/Page_Swag Labs/input_standard_userlocked_out_userproblem_u_db77ac"), username): Text 'standard_user' is set on object 'Object Repository/order/Page_Swag Labs/input_standard_userlocked_out_userproblem_u_db77ac'

30-05-2024T12:01:34 - [MESSAGE][PASSED] - Text 'standard_user' is set on object 'Object Repository/order/Page_Swag Labs/input_standard_userlocked_out_userproblem_u_db77ac'

30-05-2024T12:01:34 - [TEST_STEP][PASSED] - setText(findTestObject("Object Repository/order/Page_Swag Labs/input_standard_userlocked_out_userproblem_u_3423e9"), password): Text 'secret_sauce' is set on object 'Object Repository/order/Page_Swag Labs/input_standard_userlocked_out_userproblem_u_3423e9'

30-05-2024T12:01:35 - [MESSAGE][PASSED] - Text 'secret_sauce' is set on object 'Object Repository/order/Page_Swag Labs/input_standard_userlocked_out_userproblem_u_3423e9'

30-05-2024T12:01:35 - [TEST_STEP][PASSED] - takeScreenshotAsCheckpoint("screenshotpicture"): Taking screenshot successfully

30-05-2024T12:01:36 - [MESSAGE][INFO] - 0 hidden object(s)

30-05-2024T12:01:36 - [MESSAGE][PASSED] - Taking screenshot successfully
[[ATTACHMENT|keyes\keyes-screenshotpicture.png]]

30-05-2024T12:01:36 - [TEST_STEP][PASSED] - click(findTestObject("Object Repository/order/Page_Swag Labs/input_standard_userlocked_out_userproblem_u_0dff71")): Object: 'Object Repository/order/Page_Swag Labs/input_standard_userlocked_out_userproblem_u_0dff71' is clicked on

30-05-2024T12:01:38 - [MESSAGE][PASSED] - Object: 'Object Repository/order/Page_Swag Labs/input_standard_userlocked_out_userproblem_u_0dff71' is clicked on

30-05-2024T12:01:38 - [TEST_STEP][PASSED] - click(findTestObject("Object Repository/order/Page_Swag Labs/button_Open Menu")): Object: 'Object Repository/order/Page_Swag Labs/button_Open Menu' is clicked on

30-05-2024T12:01:39 - [MESSAGE][PASSED] - Object: 'Object Repository/order/Page_Swag Labs/button_Open Menu' is clicked on

30-05-2024T12:01:39 - [TEST_STEP][PASSED] - click(findTestObject("Object Repository/order/Page_Swag Labs/a_Logout")): Object: 'Object Repository/order/Page_Swag Labs/a_Logout' is clicked on

30-05-2024T12:01:40 - [MESSAGE][PASSED] - Object: 'Object Repository/order/Page_Swag Labs/a_Logout' is clicked on

30-05-2024T12:01:40 - [TEST_STEP][PASSED] - closeBrowser(): Browser is closed

30-05-2024T12:01:41 - [MESSAGE][PASSED] - Browser is closed

30-05-2024T12:01:41 - [MESSAGE][PASSED] - Call Test Case 'Test Cases/login' successfully]]></system-out>
         <system-err><![CDATA[]]></system-err>
      </testcase>
      <system-out><![CDATA[30-05-2024T12:01:21 - [TEST_SUITE][PASSED] - loginTestRunCollection: Test Cases/loginRunTime]]></system-out>
      <system-err><![CDATA[]]></system-err>
   </testsuite>
</testsuites>
