<?xml version="1.0" encoding="UTF-8"?>
<testsuites name="TS_2OrderProducts" time="129.238" tests="3" failures="0" errors="0">
   <testsuite name="TS_2OrderProducts" tests="3" failures="0" errors="0" time="129.238" skipped="0" timestamp="18-05-2024T18:41:51" hostname="GA253NH - IN3268364W1.ey.net" id="Test Suites/TS_2OrderProducts">
      <properties>
         <property name="deviceName" value=""/>
         <property name="devicePlatform" value=""/>
         <property name="logFolder" value="C:\\Users\\GA253NH\\git\\katalonpractice\\Reports\\20240518_184029\\TS_2OrderProducts\\20240518_184034"/>
         <property name="logFiles" value="C:\\Users\\GA253NH\\git\\katalonpractice\\Reports\\20240518_184029\\TS_2OrderProducts\\20240518_184034\\execution0.log"/>
         <property name="attachments" value=""/>
         <property name="hostName" value="GA253NH - IN3268364W1.ey.net"/>
         <property name="os" value="Windows 10 64bit"/>
         <property name="katalonVersion" value="9.4.0.212"/>
         <property name="browser" value="Edge Chromium 124"/>
         <property name="hostAddress" value="192.168.0.141"/>
         <property name="sessionId" value="4dd14cfaf45ef7e774f83ca58a7c9def"/>
         <property name="seleniumVersion" value="3.141.59"/>
         <property name="proxyInformation" value="ProxyInformation { proxyOption=NO_PROXY, proxyServerType=HTTP, username=, password=********, proxyServerAddress=, proxyServerPort=0, executionList=&quot;&quot;, isApplyToDesiredCapabilities=true }"/>
         <property name="platform" value="Windows 10"/>
      </properties>
      <testcase name="Test Cases/orderJpet" time="20.226" classname="Test Cases/orderJpet" status="PASSED">
         <system-out><![CDATA[18-05-2024T18:41:51 - [TEST_CASE][PASSED] - Test Cases/orderJpet: Test Cases/orderJpet

18-05-2024T18:41:52 - [TEST_STEP][PASSED] - openBrowser(""): Browser is opened with url: ''

18-05-2024T18:41:52 - [MESSAGE][INFO] - Starting 'Edge Chromium' driver

18-05-2024T18:41:56 - [MESSAGE][INFO] - Action delay is set to 0 milliseconds

18-05-2024T18:41:58 - [MESSAGE][PASSED] - Browser is opened with url: ''

18-05-2024T18:41:58 - [TEST_STEP][PASSED] - navigateToUrl("https://petstore.octoperf.com/"): Navigate to 'https://petstore.octoperf.com/' successfully

18-05-2024T18:41:59 - [MESSAGE][PASSED] - Navigate to 'https://petstore.octoperf.com/' successfully

18-05-2024T18:41:59 - [TEST_STEP][PASSED] - click(findTestObject("Object Repository/orderJpet/Page_JPetStore Demo/a_Enter the Store")): Object: 'Object Repository/orderJpet/Page_JPetStore Demo/a_Enter the Store' is clicked on

18-05-2024T18:42:01 - [MESSAGE][PASSED] - Object: 'Object Repository/orderJpet/Page_JPetStore Demo/a_Enter the Store' is clicked on

18-05-2024T18:42:01 - [TEST_STEP][PASSED] - click(findTestObject("Object Repository/orderJpet/Page_JPetStore Demo/a_Sign In")): Object: 'Object Repository/orderJpet/Page_JPetStore Demo/a_Sign In' is clicked on

18-05-2024T18:42:02 - [MESSAGE][PASSED] - Object: 'Object Repository/orderJpet/Page_JPetStore Demo/a_Sign In' is clicked on

18-05-2024T18:42:02 - [TEST_STEP][PASSED] - setText(findTestObject("Object Repository/orderJpet/Page_JPetStore Demo/input_Need a user name and password_username"), "mohan1"): Text 'mohan1' is set on object 'Object Repository/orderJpet/Page_JPetStore Demo/input_Need a user name and password_username'

18-05-2024T18:42:03 - [MESSAGE][PASSED] - Text 'mohan1' is set on object 'Object Repository/orderJpet/Page_JPetStore Demo/input_Need a user name and password_username'

18-05-2024T18:42:03 - [TEST_STEP][PASSED] - setEncryptedText(findTestObject("Object Repository/orderJpet/Page_JPetStore Demo/input_Need a user name and password_password"), "NXt0rM6HQe0="): Text ****** has been set on object 'Object Repository/orderJpet/Page_JPetStore Demo/input_Need a user name and password_password'

18-05-2024T18:42:04 - [MESSAGE][PASSED] - Text ****** has been set on object 'Object Repository/orderJpet/Page_JPetStore Demo/input_Need a user name and password_password'

18-05-2024T18:42:04 - [TEST_STEP][PASSED] - click(findTestObject("Object Repository/orderJpet/Page_JPetStore Demo/input_Need a user name and password_signon")): Object: 'Object Repository/orderJpet/Page_JPetStore Demo/input_Need a user name and password_signon' is clicked on

18-05-2024T18:42:04 - [MESSAGE][PASSED] - Object: 'Object Repository/orderJpet/Page_JPetStore Demo/input_Need a user name and password_signon' is clicked on

18-05-2024T18:42:04 - [TEST_STEP][PASSED] - click(findTestObject("Object Repository/orderJpet/Page_JPetStore Demo/img")): Object: 'Object Repository/orderJpet/Page_JPetStore Demo/img' is clicked on

18-05-2024T18:42:05 - [MESSAGE][PASSED] - Object: 'Object Repository/orderJpet/Page_JPetStore Demo/img' is clicked on

18-05-2024T18:42:05 - [TEST_STEP][PASSED] - click(findTestObject("Object Repository/orderJpet/Page_JPetStore Demo/a_FI-SW-01")): Object: 'Object Repository/orderJpet/Page_JPetStore Demo/a_FI-SW-01' is clicked on

18-05-2024T18:42:06 - [MESSAGE][PASSED] - Object: 'Object Repository/orderJpet/Page_JPetStore Demo/a_FI-SW-01' is clicked on

18-05-2024T18:42:06 - [TEST_STEP][PASSED] - click(findTestObject("Object Repository/orderJpet/Page_JPetStore Demo/a_Add to Cart")): Object: 'Object Repository/orderJpet/Page_JPetStore Demo/a_Add to Cart' is clicked on

18-05-2024T18:42:07 - [MESSAGE][PASSED] - Object: 'Object Repository/orderJpet/Page_JPetStore Demo/a_Add to Cart' is clicked on

18-05-2024T18:42:07 - [TEST_STEP][PASSED] - click(findTestObject("Object Repository/orderJpet/Page_JPetStore Demo/a_Proceed to Checkout")): Object: 'Object Repository/orderJpet/Page_JPetStore Demo/a_Proceed to Checkout' is clicked on

18-05-2024T18:42:08 - [MESSAGE][PASSED] - Object: 'Object Repository/orderJpet/Page_JPetStore Demo/a_Proceed to Checkout' is clicked on

18-05-2024T18:42:08 - [TEST_STEP][PASSED] - click(findTestObject("Object Repository/orderJpet/Page_JPetStore Demo/input_Ship to different address_newOrder")): Object: 'Object Repository/orderJpet/Page_JPetStore Demo/input_Ship to different address_newOrder' is clicked on

18-05-2024T18:42:09 - [MESSAGE][PASSED] - Object: 'Object Repository/orderJpet/Page_JPetStore Demo/input_Ship to different address_newOrder' is clicked on

18-05-2024T18:42:09 - [TEST_STEP][PASSED] - click(findTestObject("Object Repository/orderJpet/Page_JPetStore Demo/a_Confirm")): Object: 'Object Repository/orderJpet/Page_JPetStore Demo/a_Confirm' is clicked on

18-05-2024T18:42:09 - [MESSAGE][PASSED] - Object: 'Object Repository/orderJpet/Page_JPetStore Demo/a_Confirm' is clicked on

18-05-2024T18:42:09 - [TEST_STEP][PASSED] - verifyElementText(findTestObject("Object Repository/orderJpet/Page_JPetStore Demo/li_Thank you, your order has been submitted"), "Thank you, your order has been submitted."): Actual text and expected text of test object 'Object Repository/orderJpet/Page_JPetStore Demo/li_Thank you, your order has been submitted' are matched.

18-05-2024T18:42:10 - [MESSAGE][PASSED] - Actual text and expected text of test object 'Object Repository/orderJpet/Page_JPetStore Demo/li_Thank you, your order has been submitted' are matched.

18-05-2024T18:42:10 - [TEST_STEP][PASSED] - click(findTestObject("Object Repository/orderJpet/Page_JPetStore Demo/a_Sign Out")): Object: 'Object Repository/orderJpet/Page_JPetStore Demo/a_Sign Out' is clicked on

18-05-2024T18:42:11 - [MESSAGE][PASSED] - Object: 'Object Repository/orderJpet/Page_JPetStore Demo/a_Sign Out' is clicked on

18-05-2024T18:42:11 - [TEST_STEP][PASSED] - closeBrowser(): Browser is closed

18-05-2024T18:42:11 - [MESSAGE][PASSED] - Browser is closed]]></system-out>
         <system-err><![CDATA[]]></system-err>
      </testcase>
      <testcase name="Test Cases/orderMultiple" time="20.145" classname="Test Cases/orderMultiple" status="PASSED">
         <system-out><![CDATA[18-05-2024T18:42:11 - [TEST_CASE][PASSED] - Test Cases/orderMultiple: Test Cases/orderMultiple

18-05-2024T18:42:12 - [TEST_STEP][PASSED] - openBrowser(""): Browser is opened with url: ''

18-05-2024T18:42:12 - [MESSAGE][INFO] - Starting 'Edge Chromium' driver

18-05-2024T18:42:15 - [MESSAGE][INFO] - Action delay is set to 0 milliseconds

18-05-2024T18:42:17 - [MESSAGE][PASSED] - Browser is opened with url: ''

18-05-2024T18:42:17 - [TEST_STEP][PASSED] - navigateToUrl("https://www.saucedemo.com/v1/"): Navigate to 'https://www.saucedemo.com/v1/' successfully

18-05-2024T18:42:19 - [MESSAGE][PASSED] - Navigate to 'https://www.saucedemo.com/v1/' successfully

18-05-2024T18:42:19 - [TEST_STEP][PASSED] - maximizeWindow(): Current window maximized

18-05-2024T18:42:19 - [MESSAGE][PASSED] - Current window maximized

18-05-2024T18:42:19 - [TEST_STEP][PASSED] - setText(findTestObject("Object Repository/orderMultiple2/Page_Swag Labs/input_standard_userlocked_out_userproblem_u_db77ac"), "standard_user"): Text 'standard_user' is set on object 'Object Repository/orderMultiple2/Page_Swag Labs/input_standard_userlocked_out_userproblem_u_db77ac'

18-05-2024T18:42:20 - [MESSAGE][PASSED] - Text 'standard_user' is set on object 'Object Repository/orderMultiple2/Page_Swag Labs/input_standard_userlocked_out_userproblem_u_db77ac'

18-05-2024T18:42:20 - [TEST_STEP][PASSED] - setEncryptedText(findTestObject("Object Repository/orderMultiple2/Page_Swag Labs/input_standard_userlocked_out_userproblem_u_3423e9"), "qcu24s4901FyWDTwXGr6XA=="): Text ****** has been set on object 'Object Repository/orderMultiple2/Page_Swag Labs/input_standard_userlocked_out_userproblem_u_3423e9'

18-05-2024T18:42:20 - [MESSAGE][PASSED] - Text ****** has been set on object 'Object Repository/orderMultiple2/Page_Swag Labs/input_standard_userlocked_out_userproblem_u_3423e9'

18-05-2024T18:42:20 - [TEST_STEP][PASSED] - click(findTestObject("Object Repository/orderMultiple2/Page_Swag Labs/input_standard_userlocked_out_userproblem_u_0dff71")): Object: 'Object Repository/orderMultiple2/Page_Swag Labs/input_standard_userlocked_out_userproblem_u_0dff71' is clicked on

18-05-2024T18:42:22 - [MESSAGE][PASSED] - Object: 'Object Repository/orderMultiple2/Page_Swag Labs/input_standard_userlocked_out_userproblem_u_0dff71' is clicked on

18-05-2024T18:42:22 - [TEST_STEP][PASSED] - click(findTestObject("Object Repository/orderMultiple2/Page_Swag Labs/div_Sauce Labs Backpack")): Object: 'Object Repository/orderMultiple2/Page_Swag Labs/div_Sauce Labs Backpack' is clicked on

18-05-2024T18:42:23 - [MESSAGE][PASSED] - Object: 'Object Repository/orderMultiple2/Page_Swag Labs/div_Sauce Labs Backpack' is clicked on

18-05-2024T18:42:23 - [TEST_STEP][PASSED] - click(findTestObject("Object Repository/orderMultiple2/Page_Swag Labs/button_ADD TO CART")): Object: 'Object Repository/orderMultiple2/Page_Swag Labs/button_ADD TO CART' is clicked on

18-05-2024T18:42:23 - [MESSAGE][PASSED] - Object: 'Object Repository/orderMultiple2/Page_Swag Labs/button_ADD TO CART' is clicked on

18-05-2024T18:42:23 - [TEST_STEP][PASSED] - click(findTestObject("Object Repository/orderMultiple2/Page_Swag Labs/button_- Back")): Object: 'Object Repository/orderMultiple2/Page_Swag Labs/button_- Back' is clicked on

18-05-2024T18:42:24 - [MESSAGE][PASSED] - Object: 'Object Repository/orderMultiple2/Page_Swag Labs/button_- Back' is clicked on

18-05-2024T18:42:24 - [TEST_STEP][PASSED] - click(findTestObject("Object Repository/orderMultiple2/Page_Swag Labs/div_Sauce Labs Bike Light")): Object: 'Object Repository/orderMultiple2/Page_Swag Labs/div_Sauce Labs Bike Light' is clicked on

18-05-2024T18:42:25 - [MESSAGE][PASSED] - Object: 'Object Repository/orderMultiple2/Page_Swag Labs/div_Sauce Labs Bike Light' is clicked on

18-05-2024T18:42:25 - [TEST_STEP][PASSED] - click(findTestObject("Object Repository/orderMultiple2/Page_Swag Labs/button_ADD TO CART")): Object: 'Object Repository/orderMultiple2/Page_Swag Labs/button_ADD TO CART' is clicked on

18-05-2024T18:42:25 - [MESSAGE][PASSED] - Object: 'Object Repository/orderMultiple2/Page_Swag Labs/button_ADD TO CART' is clicked on

18-05-2024T18:42:25 - [TEST_STEP][PASSED] - click(findTestObject("Object Repository/orderMultiple2/Page_Swag Labs/svg_Swag Labs_svg-inline--fa fa-shopping-ca_963f6f")): Object: 'Object Repository/orderMultiple2/Page_Swag Labs/svg_Swag Labs_svg-inline--fa fa-shopping-ca_963f6f' is clicked on

18-05-2024T18:42:26 - [MESSAGE][PASSED] - Object: 'Object Repository/orderMultiple2/Page_Swag Labs/svg_Swag Labs_svg-inline--fa fa-shopping-ca_963f6f' is clicked on

18-05-2024T18:42:26 - [TEST_STEP][PASSED] - click(findTestObject("Object Repository/orderMultiple2/Page_Swag Labs/a_CHECKOUT")): Object: 'Object Repository/orderMultiple2/Page_Swag Labs/a_CHECKOUT' is clicked on

18-05-2024T18:42:27 - [MESSAGE][PASSED] - Object: 'Object Repository/orderMultiple2/Page_Swag Labs/a_CHECKOUT' is clicked on

18-05-2024T18:42:27 - [TEST_STEP][PASSED] - setText(findTestObject("Object Repository/orderMultiple2/Page_Swag Labs/input_Checkout Your Information_first-name"), "test1"): Text 'test1' is set on object 'Object Repository/orderMultiple2/Page_Swag Labs/input_Checkout Your Information_first-name'

18-05-2024T18:42:28 - [MESSAGE][PASSED] - Text 'test1' is set on object 'Object Repository/orderMultiple2/Page_Swag Labs/input_Checkout Your Information_first-name'

18-05-2024T18:42:28 - [TEST_STEP][PASSED] - setText(findTestObject("Object Repository/orderMultiple2/Page_Swag Labs/input_Checkout Your Information_last-name"), "test2"): Text 'test2' is set on object 'Object Repository/orderMultiple2/Page_Swag Labs/input_Checkout Your Information_last-name'

18-05-2024T18:42:29 - [MESSAGE][PASSED] - Text 'test2' is set on object 'Object Repository/orderMultiple2/Page_Swag Labs/input_Checkout Your Information_last-name'

18-05-2024T18:42:29 - [TEST_STEP][PASSED] - setText(findTestObject("Object Repository/orderMultiple2/Page_Swag Labs/input_Checkout Your Information_postal-code"), "200345"): Text '200345' is set on object 'Object Repository/orderMultiple2/Page_Swag Labs/input_Checkout Your Information_postal-code'

18-05-2024T18:42:30 - [MESSAGE][PASSED] - Text '200345' is set on object 'Object Repository/orderMultiple2/Page_Swag Labs/input_Checkout Your Information_postal-code'

18-05-2024T18:42:30 - [TEST_STEP][PASSED] - click(findTestObject("Object Repository/orderMultiple2/Page_Swag Labs/input_CANCEL_btn_primary cart_button")): Object: 'Object Repository/orderMultiple2/Page_Swag Labs/input_CANCEL_btn_primary cart_button' is clicked on

18-05-2024T18:42:30 - [MESSAGE][PASSED] - Object: 'Object Repository/orderMultiple2/Page_Swag Labs/input_CANCEL_btn_primary cart_button' is clicked on

18-05-2024T18:42:30 - [TEST_STEP][PASSED] - click(findTestObject("Object Repository/orderMultiple2/Page_Swag Labs/a_FINISH")): Object: 'Object Repository/orderMultiple2/Page_Swag Labs/a_FINISH' is clicked on

18-05-2024T18:42:31 - [MESSAGE][PASSED] - Object: 'Object Repository/orderMultiple2/Page_Swag Labs/a_FINISH' is clicked on

18-05-2024T18:42:31 - [TEST_STEP][PASSED] - closeBrowser(): Browser is closed

18-05-2024T18:42:32 - [MESSAGE][PASSED] - Browser is closed]]></system-out>
         <system-err><![CDATA[]]></system-err>
      </testcase>
      <testcase name="Test Cases/TC_1orderproduct" time="88.58" classname="Test Cases/TC_1orderproduct" status="PASSED">
         <system-out><![CDATA[18-05-2024T18:42:32 - [TEST_CASE][PASSED] - Test Cases/TC_1orderproduct: Test Cases/TC_1orderproduct

18-05-2024T18:42:32 - [TEST_STEP][PASSED] - openBrowser(""): Browser is opened with url: ''

18-05-2024T18:42:32 - [MESSAGE][INFO] - Starting 'Edge Chromium' driver

18-05-2024T18:42:35 - [MESSAGE][INFO] - Action delay is set to 0 milliseconds

18-05-2024T18:42:37 - [MESSAGE][PASSED] - Browser is opened with url: ''

18-05-2024T18:42:37 - [TEST_STEP][PASSED] - navigateToUrl("https://www.saucedemo.com/v1/"): Navigate to 'https://www.saucedemo.com/v1/' successfully

18-05-2024T18:42:39 - [MESSAGE][PASSED] - Navigate to 'https://www.saucedemo.com/v1/' successfully

18-05-2024T18:42:39 - [TEST_STEP][PASSED] - maximizeWindow(): Current window maximized

18-05-2024T18:42:39 - [MESSAGE][PASSED] - Current window maximized

18-05-2024T18:42:39 - [TEST_STEP][PASSED] - setText(findTestObject("Object Repository/swagOrderMultiple/Page_Swag Labs/input_standard_userlocked_out_userproblem_u_db77ac"), "standard_user"): Text 'standard_user' is set on object 'Object Repository/swagOrderMultiple/Page_Swag Labs/input_standard_userlocked_out_userproblem_u_db77ac'

18-05-2024T18:42:40 - [MESSAGE][PASSED] - Text 'standard_user' is set on object 'Object Repository/swagOrderMultiple/Page_Swag Labs/input_standard_userlocked_out_userproblem_u_db77ac'

18-05-2024T18:42:40 - [TEST_STEP][PASSED] - setEncryptedText(findTestObject("Object Repository/swagOrderMultiple/Page_Swag Labs/input_standard_userlocked_out_userproblem_u_3423e9"), "qcu24s4901FyWDTwXGr6XA=="): Text ****** has been set on object 'Object Repository/swagOrderMultiple/Page_Swag Labs/input_standard_userlocked_out_userproblem_u_3423e9'

18-05-2024T18:42:40 - [MESSAGE][PASSED] - Text ****** has been set on object 'Object Repository/swagOrderMultiple/Page_Swag Labs/input_standard_userlocked_out_userproblem_u_3423e9'

18-05-2024T18:42:40 - [TEST_STEP][PASSED] - click(findTestObject("Object Repository/swagOrderMultiple/Page_Swag Labs/input_standard_userlocked_out_userproblem_u_0dff71")): Object: 'Object Repository/swagOrderMultiple/Page_Swag Labs/input_standard_userlocked_out_userproblem_u_0dff71' is clicked on

18-05-2024T18:42:42 - [MESSAGE][PASSED] - Object: 'Object Repository/swagOrderMultiple/Page_Swag Labs/input_standard_userlocked_out_userproblem_u_0dff71' is clicked on

18-05-2024T18:42:42 - [TEST_STEP][PASSED] - delay(2): Delayed 2 second(s)

18-05-2024T18:42:44 - [MESSAGE][PASSED] - Delayed 2 second(s)

18-05-2024T18:42:44 - [TEST_STEP][PASSED] - click(findTestObject("Object Repository/swagOrderMultiple/Page_Swag Labs/button_ADD TO CART")): Object: 'Object Repository/swagOrderMultiple/Page_Swag Labs/button_ADD TO CART' is clicked on

18-05-2024T18:42:45 - [MESSAGE][PASSED] - Object: 'Object Repository/swagOrderMultiple/Page_Swag Labs/button_ADD TO CART' is clicked on

18-05-2024T18:42:45 - [TEST_STEP][PASSED] - click(findTestObject("Object Repository/swagOrderMultiple/Page_Swag Labs/div_Sauce Labs Bolt T-Shirt")): Object: 'Object Repository/swagOrderMultiple/Page_Swag Labs/div_Sauce Labs Bolt T-Shirt' is clicked on

18-05-2024T18:42:45 - [MESSAGE][PASSED] - Object: 'Object Repository/swagOrderMultiple/Page_Swag Labs/div_Sauce Labs Bolt T-Shirt' is clicked on

18-05-2024T18:42:45 - [TEST_STEP][PASSED] - click(findTestObject("Object Repository/swagOrderMultiple/Page_Swag Labs/button_- Back")): Object: 'Object Repository/swagOrderMultiple/Page_Swag Labs/button_- Back' is clicked on

18-05-2024T18:42:46 - [MESSAGE][PASSED] - Object: 'Object Repository/swagOrderMultiple/Page_Swag Labs/button_- Back' is clicked on

18-05-2024T18:42:46 - [TEST_STEP][PASSED] - delay(2): Delayed 2 second(s)

18-05-2024T18:42:48 - [MESSAGE][PASSED] - Delayed 2 second(s)

18-05-2024T18:42:48 - [TEST_STEP][PASSED] - click(findTestObject("Object Repository/swagOrderMultiple/Page_Swag Labs/button_ADD TO CART")): Object: 'Object Repository/swagOrderMultiple/Page_Swag Labs/button_ADD TO CART' is clicked on

18-05-2024T18:42:48 - [MESSAGE][PASSED] - Object: 'Object Repository/swagOrderMultiple/Page_Swag Labs/button_ADD TO CART' is clicked on

18-05-2024T18:42:48 - [TEST_STEP][PASSED] - click(findTestObject("Object Repository/swagOrderMultiple/Page_Swag Labs/div_Sauce Labs Bike Light")): Object: 'Object Repository/swagOrderMultiple/Page_Swag Labs/div_Sauce Labs Bike Light' is clicked on

18-05-2024T18:42:49 - [MESSAGE][PASSED] - Object: 'Object Repository/swagOrderMultiple/Page_Swag Labs/div_Sauce Labs Bike Light' is clicked on

18-05-2024T18:42:49 - [TEST_STEP][PASSED] - click(findTestObject("Object Repository/swagOrderMultiple/Page_Swag Labs/button_ADD TO CART")): Object: 'Object Repository/swagOrderMultiple/Page_Swag Labs/button_ADD TO CART' is clicked on

18-05-2024T18:43:20 - [MESSAGE][INFO] - Unable to find the element located by 'By.xpath: //div[@id='inventory_container']/div/div/div[3]/button'. Please recheck the objects properties to make sure the desired element is located. 

18-05-2024T18:43:20 - [MESSAGE][WARNING] - [SELF-HEALING] Failed to find element with id 'Object Repository/swagOrderMultiple/Page_Swag Labs/button_ADD TO CART'. Try using Self-healing.

18-05-2024T18:43:21 - [MESSAGE][WARNING] - [SELF-HEALING] The current locator of test object 'Object Repository/swagOrderMultiple/Page_Swag Labs/button_ADD TO CART' was broken. Propose an alternative one: '(.//*[normalize-space(text()) and normalize-space(.)='Sauce Labs Bike Light'])[1]/preceding::button[1]'.

18-05-2024T18:43:21 - [MESSAGE][PASSED] - Object: 'Object Repository/swagOrderMultiple/Page_Swag Labs/button_ADD TO CART' is clicked on

18-05-2024T18:43:21 - [TEST_STEP][PASSED] - click(findTestObject("Object Repository/swagOrderMultiple/Page_Swag Labs/button_- Back")): Object: 'Object Repository/swagOrderMultiple/Page_Swag Labs/button_- Back' is clicked on

18-05-2024T18:43:52 - [MESSAGE][INFO] - Unable to find the element located by 'By.xpath: //div[@id='inventory_item_container']/div/button'. Please recheck the objects properties to make sure the desired element is located. 

18-05-2024T18:43:52 - [MESSAGE][WARNING] - [SELF-HEALING] Failed to find element with id 'Object Repository/swagOrderMultiple/Page_Swag Labs/button_- Back'. Try using Self-healing.

18-05-2024T18:43:52 - [MESSAGE][WARNING] - [SELF-HEALING] The current locator of test object 'Object Repository/swagOrderMultiple/Page_Swag Labs/button_- Back' was broken. Propose an alternative one: '(.//*[normalize-space(text()) and normalize-space(.)='Open Menu'])[1]/following::button[1]'.

18-05-2024T18:43:53 - [MESSAGE][PASSED] - Object: 'Object Repository/swagOrderMultiple/Page_Swag Labs/button_- Back' is clicked on

18-05-2024T18:43:53 - [TEST_STEP][PASSED] - click(findTestObject("Object Repository/swagOrderMultiple/Page_Swag Labs/svg_Open Menu_svg-inline--fa fa-shopping-ca_f4ec0f")): Object: 'Object Repository/swagOrderMultiple/Page_Swag Labs/svg_Open Menu_svg-inline--fa fa-shopping-ca_f4ec0f' is clicked on

18-05-2024T18:43:54 - [MESSAGE][PASSED] - Object: 'Object Repository/swagOrderMultiple/Page_Swag Labs/svg_Open Menu_svg-inline--fa fa-shopping-ca_f4ec0f' is clicked on

18-05-2024T18:43:54 - [TEST_STEP][PASSED] - click(findTestObject("Object Repository/swagOrderMultiple/Page_Swag Labs/a_CHECKOUT")): Object: 'Object Repository/swagOrderMultiple/Page_Swag Labs/a_CHECKOUT' is clicked on

18-05-2024T18:43:54 - [MESSAGE][PASSED] - Object: 'Object Repository/swagOrderMultiple/Page_Swag Labs/a_CHECKOUT' is clicked on

18-05-2024T18:43:54 - [TEST_STEP][PASSED] - setText(findTestObject("Object Repository/swagOrderMultiple/Page_Swag Labs/input_Checkout Your Information_first-name"), "test1"): Text 'test1' is set on object 'Object Repository/swagOrderMultiple/Page_Swag Labs/input_Checkout Your Information_first-name'

18-05-2024T18:43:55 - [MESSAGE][PASSED] - Text 'test1' is set on object 'Object Repository/swagOrderMultiple/Page_Swag Labs/input_Checkout Your Information_first-name'

18-05-2024T18:43:55 - [TEST_STEP][PASSED] - setText(findTestObject("Object Repository/swagOrderMultiple/Page_Swag Labs/input_Checkout Your Information_last-name"), "ctest1"): Text 'ctest1' is set on object 'Object Repository/swagOrderMultiple/Page_Swag Labs/input_Checkout Your Information_last-name'

18-05-2024T18:43:56 - [MESSAGE][PASSED] - Text 'ctest1' is set on object 'Object Repository/swagOrderMultiple/Page_Swag Labs/input_Checkout Your Information_last-name'

18-05-2024T18:43:56 - [TEST_STEP][PASSED] - setText(findTestObject("Object Repository/swagOrderMultiple/Page_Swag Labs/input_Checkout Your Information_postal-code"), "450003"): Text '450003' is set on object 'Object Repository/swagOrderMultiple/Page_Swag Labs/input_Checkout Your Information_postal-code'

18-05-2024T18:43:57 - [MESSAGE][PASSED] - Text '450003' is set on object 'Object Repository/swagOrderMultiple/Page_Swag Labs/input_Checkout Your Information_postal-code'

18-05-2024T18:43:57 - [TEST_STEP][PASSED] - click(findTestObject("Object Repository/swagOrderMultiple/Page_Swag Labs/input_CANCEL_btn_primary cart_button")): Object: 'Object Repository/swagOrderMultiple/Page_Swag Labs/input_CANCEL_btn_primary cart_button' is clicked on

18-05-2024T18:43:57 - [MESSAGE][PASSED] - Object: 'Object Repository/swagOrderMultiple/Page_Swag Labs/input_CANCEL_btn_primary cart_button' is clicked on

18-05-2024T18:43:57 - [TEST_STEP][PASSED] - click(findTestObject("Object Repository/swagOrderMultiple/Page_Swag Labs/a_FINISH")): Object: 'Object Repository/swagOrderMultiple/Page_Swag Labs/a_FINISH' is clicked on

18-05-2024T18:43:58 - [MESSAGE][PASSED] - Object: 'Object Repository/swagOrderMultiple/Page_Swag Labs/a_FINISH' is clicked on

18-05-2024T18:43:58 - [TEST_STEP][PASSED] - verifyElementText(findTestObject("Object Repository/swagOrderMultiple/Page_Swag Labs/h2_THANK YOU FOR YOUR ORDER"), "THANK YOU FOR YOUR ORDER"): Actual text and expected text of test object 'Object Repository/swagOrderMultiple/Page_Swag Labs/h2_THANK YOU FOR YOUR ORDER' are matched.

18-05-2024T18:43:58 - [MESSAGE][PASSED] - Actual text and expected text of test object 'Object Repository/swagOrderMultiple/Page_Swag Labs/h2_THANK YOU FOR YOUR ORDER' are matched.

18-05-2024T18:43:58 - [TEST_STEP][PASSED] - click(findTestObject("Object Repository/swagOrderMultiple/Page_Swag Labs/button_Open Menu")): Object: 'Object Repository/swagOrderMultiple/Page_Swag Labs/button_Open Menu' is clicked on

18-05-2024T18:43:59 - [MESSAGE][PASSED] - Object: 'Object Repository/swagOrderMultiple/Page_Swag Labs/button_Open Menu' is clicked on

18-05-2024T18:43:59 - [TEST_STEP][PASSED] - click(findTestObject("Object Repository/swagOrderMultiple/Page_Swag Labs/a_Logout")): Object: 'Object Repository/swagOrderMultiple/Page_Swag Labs/a_Logout' is clicked on

18-05-2024T18:44:00 - [MESSAGE][PASSED] - Object: 'Object Repository/swagOrderMultiple/Page_Swag Labs/a_Logout' is clicked on

18-05-2024T18:44:00 - [TEST_STEP][PASSED] - closeBrowser(): Browser is closed

18-05-2024T18:44:00 - [MESSAGE][PASSED] - Browser is closed]]></system-out>
         <system-err><![CDATA[]]></system-err>
      </testcase>
      <system-out><![CDATA[18-05-2024T18:41:51 - [TEST_SUITE][PASSED] - TS_2OrderProducts: Test Cases/TC_1orderproduct]]></system-out>
      <system-err><![CDATA[]]></system-err>
   </testsuite>
</testsuites>
