<?xml version="1.0" encoding="UTF-8"?>
<testsuites name="Ts_3NavRemove" time="104.232" tests="2" failures="0" errors="0">
   <testsuite name="Ts_3NavRemove" tests="2" failures="0" errors="0" time="104.232" skipped="0" timestamp="18-05-2024T18:44:07" hostname="GA253NH - IN3268364W1.ey.net" id="Test Suites/Ts_3NavRemove">
      <properties>
         <property name="deviceName" value=""/>
         <property name="devicePlatform" value=""/>
         <property name="logFolder" value="C:\\Users\\GA253NH\\git\\katalonpractice\\Reports\\20240518_184029\\Ts_3NavRemove\\20240518_184036"/>
         <property name="logFiles" value="C:\\Users\\GA253NH\\git\\katalonpractice\\Reports\\20240518_184029\\Ts_3NavRemove\\20240518_184036\\execution0.log"/>
         <property name="attachments" value=""/>
         <property name="hostName" value="GA253NH - IN3268364W1.ey.net"/>
         <property name="os" value="Windows 10 64bit"/>
         <property name="katalonVersion" value="9.4.0.212"/>
         <property name="browser" value="Edge Chromium 124"/>
         <property name="hostAddress" value="192.168.0.141"/>
         <property name="sessionId" value="7df31a99ad677ccb80bccaca60c6de70"/>
         <property name="seleniumVersion" value="3.141.59"/>
         <property name="proxyInformation" value="ProxyInformation { proxyOption=NO_PROXY, proxyServerType=HTTP, username=, password=********, proxyServerAddress=, proxyServerPort=0, executionList=&quot;&quot;, isApplyToDesiredCapabilities=true }"/>
         <property name="platform" value="Windows 10"/>
      </properties>
      <testcase name="Test Cases/NavigationJpet" time="89.718" classname="Test Cases/NavigationJpet" status="PASSED">
         <system-out><![CDATA[18-05-2024T18:44:07 - [TEST_CASE][PASSED] - Test Cases/NavigationJpet: Test Cases/NavigationJpet

18-05-2024T18:44:07 - [TEST_STEP][PASSED] - openBrowser(""): Browser is opened with url: ''

18-05-2024T18:44:08 - [MESSAGE][INFO] - Starting 'Edge Chromium' driver

18-05-2024T18:44:11 - [MESSAGE][INFO] - Action delay is set to 0 milliseconds

18-05-2024T18:44:14 - [MESSAGE][PASSED] - Browser is opened with url: ''

18-05-2024T18:44:14 - [TEST_STEP][PASSED] - navigateToUrl("https://petstore.octoperf.com/"): Navigate to 'https://petstore.octoperf.com/' successfully

18-05-2024T18:44:16 - [MESSAGE][PASSED] - Navigate to 'https://petstore.octoperf.com/' successfully

18-05-2024T18:44:16 - [TEST_STEP][PASSED] - click(findTestObject("Object Repository/NavigationJpet/Page_JPetStore Demo/a_Enter the Store")): Object: 'Object Repository/NavigationJpet/Page_JPetStore Demo/a_Enter the Store' is clicked on

18-05-2024T18:44:17 - [MESSAGE][PASSED] - Object: 'Object Repository/NavigationJpet/Page_JPetStore Demo/a_Enter the Store' is clicked on

18-05-2024T18:44:17 - [TEST_STEP][PASSED] - click(findTestObject("Object Repository/NavigationJpet/Page_JPetStore Demo/a_Sign In")): Object: 'Object Repository/NavigationJpet/Page_JPetStore Demo/a_Sign In' is clicked on

18-05-2024T18:44:18 - [MESSAGE][PASSED] - Object: 'Object Repository/NavigationJpet/Page_JPetStore Demo/a_Sign In' is clicked on

18-05-2024T18:44:18 - [TEST_STEP][PASSED] - setText(findTestObject("Object Repository/NavigationJpet/Page_JPetStore Demo/input_Need a user name and password_username"), "mohan1"): Text 'mohan1' is set on object 'Object Repository/NavigationJpet/Page_JPetStore Demo/input_Need a user name and password_username'

18-05-2024T18:44:49 - [MESSAGE][INFO] - Unable to find the element located by 'By.xpath: //input[@id='stripes--837349508']'. Please recheck the objects properties to make sure the desired element is located. 

18-05-2024T18:44:49 - [MESSAGE][WARNING] - [SELF-HEALING] Failed to find element with id 'Object Repository/NavigationJpet/Page_JPetStore Demo/input_Need a user name and password_username'. Try using Self-healing.

18-05-2024T18:44:50 - [MESSAGE][WARNING] - [SELF-HEALING] The current locator of test object 'Object Repository/NavigationJpet/Page_JPetStore Demo/input_Need a user name and password_username' was broken. Propose an alternative one: '//div[@id='Catalog']/form/p[2]/input'.

18-05-2024T18:45:21 - [MESSAGE][INFO] - Unable to find the element located by 'By.xpath: //input[@id='stripes--837349508']'. Please recheck the objects properties to make sure the desired element is located. 

18-05-2024T18:45:21 - [MESSAGE][WARNING] - [SELF-HEALING] Failed to find element with id 'Object Repository/NavigationJpet/Page_JPetStore Demo/input_Need a user name and password_username'. Try using Self-healing.

18-05-2024T18:45:21 - [MESSAGE][WARNING] - [SELF-HEALING] The current locator of test object 'Object Repository/NavigationJpet/Page_JPetStore Demo/input_Need a user name and password_username' was broken. Propose an alternative one: '//div[@id='Catalog']/form/p[2]/input'.

18-05-2024T18:45:21 - [MESSAGE][PASSED] - Text 'mohan1' is set on object 'Object Repository/NavigationJpet/Page_JPetStore Demo/input_Need a user name and password_username'

18-05-2024T18:45:21 - [TEST_STEP][PASSED] - setEncryptedText(findTestObject("Object Repository/NavigationJpet/Page_JPetStore Demo/input_Need a user name and password_password"), "NXt0rM6HQe0="): Text ****** has been set on object 'Object Repository/NavigationJpet/Page_JPetStore Demo/input_Need a user name and password_password'

18-05-2024T18:45:22 - [MESSAGE][PASSED] - Text ****** has been set on object 'Object Repository/NavigationJpet/Page_JPetStore Demo/input_Need a user name and password_password'

18-05-2024T18:45:22 - [TEST_STEP][PASSED] - click(findTestObject("Object Repository/NavigationJpet/Page_JPetStore Demo/input_Need a user name and password_signon")): Object: 'Object Repository/NavigationJpet/Page_JPetStore Demo/input_Need a user name and password_signon' is clicked on

18-05-2024T18:45:23 - [MESSAGE][PASSED] - Object: 'Object Repository/NavigationJpet/Page_JPetStore Demo/input_Need a user name and password_signon' is clicked on

18-05-2024T18:45:23 - [TEST_STEP][PASSED] - click(findTestObject("Object Repository/NavigationJpet/Page_JPetStore Demo/img")): Object: 'Object Repository/NavigationJpet/Page_JPetStore Demo/img' is clicked on

18-05-2024T18:45:24 - [MESSAGE][PASSED] - Object: 'Object Repository/NavigationJpet/Page_JPetStore Demo/img' is clicked on

18-05-2024T18:45:24 - [TEST_STEP][PASSED] - click(findTestObject("Object Repository/NavigationJpet/Page_JPetStore Demo/a_FI-SW-01")): Object: 'Object Repository/NavigationJpet/Page_JPetStore Demo/a_FI-SW-01' is clicked on

18-05-2024T18:45:25 - [MESSAGE][PASSED] - Object: 'Object Repository/NavigationJpet/Page_JPetStore Demo/a_FI-SW-01' is clicked on

18-05-2024T18:45:25 - [TEST_STEP][PASSED] - click(findTestObject("Object Repository/NavigationJpet/Page_JPetStore Demo/a_EST-1")): Object: 'Object Repository/NavigationJpet/Page_JPetStore Demo/a_EST-1' is clicked on

18-05-2024T18:45:26 - [MESSAGE][PASSED] - Object: 'Object Repository/NavigationJpet/Page_JPetStore Demo/a_EST-1' is clicked on

18-05-2024T18:45:26 - [TEST_STEP][PASSED] - click(findTestObject("Object Repository/NavigationJpet/Page_JPetStore Demo/img_1")): Object: 'Object Repository/NavigationJpet/Page_JPetStore Demo/img_1' is clicked on

18-05-2024T18:45:26 - [MESSAGE][PASSED] - Object: 'Object Repository/NavigationJpet/Page_JPetStore Demo/img_1' is clicked on

18-05-2024T18:45:26 - [TEST_STEP][PASSED] - click(findTestObject("Object Repository/NavigationJpet/Page_JPetStore Demo/a_K9-BD-01")): Object: 'Object Repository/NavigationJpet/Page_JPetStore Demo/a_K9-BD-01' is clicked on

18-05-2024T18:45:27 - [MESSAGE][PASSED] - Object: 'Object Repository/NavigationJpet/Page_JPetStore Demo/a_K9-BD-01' is clicked on

18-05-2024T18:45:27 - [TEST_STEP][PASSED] - click(findTestObject("Object Repository/NavigationJpet/Page_JPetStore Demo/a_EST-6")): Object: 'Object Repository/NavigationJpet/Page_JPetStore Demo/a_EST-6' is clicked on

18-05-2024T18:45:28 - [MESSAGE][PASSED] - Object: 'Object Repository/NavigationJpet/Page_JPetStore Demo/a_EST-6' is clicked on

18-05-2024T18:45:28 - [TEST_STEP][PASSED] - click(findTestObject("Object Repository/NavigationJpet/Page_JPetStore Demo/img_1_2")): Object: 'Object Repository/NavigationJpet/Page_JPetStore Demo/img_1_2' is clicked on

18-05-2024T18:45:29 - [MESSAGE][PASSED] - Object: 'Object Repository/NavigationJpet/Page_JPetStore Demo/img_1_2' is clicked on

18-05-2024T18:45:29 - [TEST_STEP][PASSED] - click(findTestObject("Object Repository/NavigationJpet/Page_JPetStore Demo/a_RP-SN-01")): Object: 'Object Repository/NavigationJpet/Page_JPetStore Demo/a_RP-SN-01' is clicked on

18-05-2024T18:45:30 - [MESSAGE][PASSED] - Object: 'Object Repository/NavigationJpet/Page_JPetStore Demo/a_RP-SN-01' is clicked on

18-05-2024T18:45:30 - [TEST_STEP][PASSED] - click(findTestObject("Object Repository/NavigationJpet/Page_JPetStore Demo/a_EST-11")): Object: 'Object Repository/NavigationJpet/Page_JPetStore Demo/a_EST-11' is clicked on

18-05-2024T18:45:31 - [MESSAGE][PASSED] - Object: 'Object Repository/NavigationJpet/Page_JPetStore Demo/a_EST-11' is clicked on

18-05-2024T18:45:31 - [TEST_STEP][PASSED] - click(findTestObject("Object Repository/NavigationJpet/Page_JPetStore Demo/img_1_2_3")): Object: 'Object Repository/NavigationJpet/Page_JPetStore Demo/img_1_2_3' is clicked on

18-05-2024T18:45:32 - [MESSAGE][PASSED] - Object: 'Object Repository/NavigationJpet/Page_JPetStore Demo/img_1_2_3' is clicked on

18-05-2024T18:45:32 - [TEST_STEP][PASSED] - click(findTestObject("Object Repository/NavigationJpet/Page_JPetStore Demo/a_FL-DSH-01")): Object: 'Object Repository/NavigationJpet/Page_JPetStore Demo/a_FL-DSH-01' is clicked on

18-05-2024T18:45:32 - [MESSAGE][PASSED] - Object: 'Object Repository/NavigationJpet/Page_JPetStore Demo/a_FL-DSH-01' is clicked on

18-05-2024T18:45:32 - [TEST_STEP][PASSED] - click(findTestObject("Object Repository/NavigationJpet/Page_JPetStore Demo/a_EST-14")): Object: 'Object Repository/NavigationJpet/Page_JPetStore Demo/a_EST-14' is clicked on

18-05-2024T18:45:33 - [MESSAGE][PASSED] - Object: 'Object Repository/NavigationJpet/Page_JPetStore Demo/a_EST-14' is clicked on

18-05-2024T18:45:33 - [TEST_STEP][PASSED] - click(findTestObject("Object Repository/NavigationJpet/Page_JPetStore Demo/img_1_2_3_4")): Object: 'Object Repository/NavigationJpet/Page_JPetStore Demo/img_1_2_3_4' is clicked on

18-05-2024T18:45:34 - [MESSAGE][PASSED] - Object: 'Object Repository/NavigationJpet/Page_JPetStore Demo/img_1_2_3_4' is clicked on

18-05-2024T18:45:34 - [TEST_STEP][PASSED] - click(findTestObject("Object Repository/NavigationJpet/Page_JPetStore Demo/a_AV-CB-01")): Object: 'Object Repository/NavigationJpet/Page_JPetStore Demo/a_AV-CB-01' is clicked on

18-05-2024T18:45:35 - [MESSAGE][PASSED] - Object: 'Object Repository/NavigationJpet/Page_JPetStore Demo/a_AV-CB-01' is clicked on

18-05-2024T18:45:35 - [TEST_STEP][PASSED] - click(findTestObject("Object Repository/NavigationJpet/Page_JPetStore Demo/a_Sign Out")): Object: 'Object Repository/NavigationJpet/Page_JPetStore Demo/a_Sign Out' is clicked on

18-05-2024T18:45:36 - [MESSAGE][PASSED] - Object: 'Object Repository/NavigationJpet/Page_JPetStore Demo/a_Sign Out' is clicked on

18-05-2024T18:45:36 - [TEST_STEP][PASSED] - closeBrowser(): Browser is closed

18-05-2024T18:45:37 - [MESSAGE][PASSED] - Browser is closed]]></system-out>
         <system-err><![CDATA[]]></system-err>
      </testcase>
      <testcase name="Test Cases/RemoveProducts" time="14.27" classname="Test Cases/RemoveProducts" status="PASSED">
         <system-out><![CDATA[18-05-2024T18:45:37 - [TEST_CASE][PASSED] - Test Cases/RemoveProducts: Test Cases/RemoveProducts

18-05-2024T18:45:37 - [TEST_STEP][PASSED] - openBrowser(""): Browser is opened with url: ''

18-05-2024T18:45:37 - [MESSAGE][INFO] - Starting 'Edge Chromium' driver

18-05-2024T18:45:40 - [MESSAGE][INFO] - Action delay is set to 0 milliseconds

18-05-2024T18:45:42 - [MESSAGE][PASSED] - Browser is opened with url: ''

18-05-2024T18:45:42 - [TEST_STEP][PASSED] - navigateToUrl("https://www.saucedemo.com/v1/"): Navigate to 'https://www.saucedemo.com/v1/' successfully

18-05-2024T18:45:44 - [MESSAGE][PASSED] - Navigate to 'https://www.saucedemo.com/v1/' successfully

18-05-2024T18:45:44 - [TEST_STEP][PASSED] - click(findTestObject("Object Repository/removeProducts/Page_Swag Labs/div_Accepted usernames are                s_40dcc1")): Object: 'Object Repository/removeProducts/Page_Swag Labs/div_Accepted usernames are                s_40dcc1' is clicked on

18-05-2024T18:45:45 - [MESSAGE][PASSED] - Object: 'Object Repository/removeProducts/Page_Swag Labs/div_Accepted usernames are                s_40dcc1' is clicked on

18-05-2024T18:45:45 - [TEST_STEP][PASSED] - setText(findTestObject("Object Repository/removeProducts/Page_Swag Labs/input_standard_userlocked_out_userproblem_u_db77ac"), "standard_user"): Text 'standard_user' is set on object 'Object Repository/removeProducts/Page_Swag Labs/input_standard_userlocked_out_userproblem_u_db77ac'

18-05-2024T18:45:46 - [MESSAGE][PASSED] - Text 'standard_user' is set on object 'Object Repository/removeProducts/Page_Swag Labs/input_standard_userlocked_out_userproblem_u_db77ac'

18-05-2024T18:45:46 - [TEST_STEP][PASSED] - setEncryptedText(findTestObject("Object Repository/removeProducts/Page_Swag Labs/input_standard_userlocked_out_userproblem_u_3423e9"), "qcu24s4901FyWDTwXGr6XA=="): Text ****** has been set on object 'Object Repository/removeProducts/Page_Swag Labs/input_standard_userlocked_out_userproblem_u_3423e9'

18-05-2024T18:45:46 - [MESSAGE][PASSED] - Text ****** has been set on object 'Object Repository/removeProducts/Page_Swag Labs/input_standard_userlocked_out_userproblem_u_3423e9'

18-05-2024T18:45:46 - [TEST_STEP][PASSED] - click(findTestObject("Object Repository/removeProducts/Page_Swag Labs/input_standard_userlocked_out_userproblem_u_0dff71")): Object: 'Object Repository/removeProducts/Page_Swag Labs/input_standard_userlocked_out_userproblem_u_0dff71' is clicked on

18-05-2024T18:45:47 - [MESSAGE][PASSED] - Object: 'Object Repository/removeProducts/Page_Swag Labs/input_standard_userlocked_out_userproblem_u_0dff71' is clicked on

18-05-2024T18:45:47 - [TEST_STEP][PASSED] - click(findTestObject("Object Repository/removeProducts/Page_Swag Labs/button_ADD TO CART")): Object: 'Object Repository/removeProducts/Page_Swag Labs/button_ADD TO CART' is clicked on

18-05-2024T18:45:48 - [MESSAGE][PASSED] - Object: 'Object Repository/removeProducts/Page_Swag Labs/button_ADD TO CART' is clicked on

18-05-2024T18:45:48 - [TEST_STEP][PASSED] - click(findTestObject("Object Repository/removeProducts/Page_Swag Labs/div_Sauce Labs Backpack")): Object: 'Object Repository/removeProducts/Page_Swag Labs/div_Sauce Labs Backpack' is clicked on

18-05-2024T18:45:49 - [MESSAGE][PASSED] - Object: 'Object Repository/removeProducts/Page_Swag Labs/div_Sauce Labs Backpack' is clicked on

18-05-2024T18:45:49 - [TEST_STEP][PASSED] - click(findTestObject("Object Repository/removeProducts/Page_Swag Labs/button_REMOVE")): Object: 'Object Repository/removeProducts/Page_Swag Labs/button_REMOVE' is clicked on

18-05-2024T18:45:49 - [MESSAGE][PASSED] - Object: 'Object Repository/removeProducts/Page_Swag Labs/button_REMOVE' is clicked on

18-05-2024T18:45:49 - [TEST_STEP][PASSED] - click(findTestObject("Object Repository/removeProducts/Page_Swag Labs/button_Open Menu")): Object: 'Object Repository/removeProducts/Page_Swag Labs/button_Open Menu' is clicked on

18-05-2024T18:45:50 - [MESSAGE][PASSED] - Object: 'Object Repository/removeProducts/Page_Swag Labs/button_Open Menu' is clicked on

18-05-2024T18:45:50 - [TEST_STEP][PASSED] - click(findTestObject("Object Repository/removeProducts/Page_Swag Labs/a_Logout")): Object: 'Object Repository/removeProducts/Page_Swag Labs/a_Logout' is clicked on

18-05-2024T18:45:50 - [MESSAGE][PASSED] - Object: 'Object Repository/removeProducts/Page_Swag Labs/a_Logout' is clicked on

18-05-2024T18:45:50 - [TEST_STEP][PASSED] - closeBrowser(): Browser is closed

18-05-2024T18:45:51 - [MESSAGE][PASSED] - Browser is closed]]></system-out>
         <system-err><![CDATA[]]></system-err>
      </testcase>
      <system-out><![CDATA[18-05-2024T18:44:07 - [TEST_SUITE][PASSED] - Ts_3NavRemove: Test Cases/RemoveProducts]]></system-out>
      <system-err><![CDATA[]]></system-err>
   </testsuite>
</testsuites>
