<?xml version="1.0" encoding="UTF-8"?>
<testsuites name="MiscellaneousJpet" time="121.582" tests="3" failures="0" errors="0">
   <testsuite name="MiscellaneousJpet" tests="3" failures="0" errors="0" time="121.582" skipped="0" timestamp="18-05-2024T18:48:19" hostname="GA253NH - IN3268364W1.ey.net" id="Test Suites/MiscellaneousJpet">
      <properties>
         <property name="deviceName" value=""/>
         <property name="devicePlatform" value=""/>
         <property name="logFolder" value="C:\\Users\\GA253NH\\git\\katalonpractice\\Reports\\20240518_184029\\MiscellaneousJpet\\20240518_184040"/>
         <property name="logFiles" value="C:\\Users\\GA253NH\\git\\katalonpractice\\Reports\\20240518_184029\\MiscellaneousJpet\\20240518_184040\\execution0.log"/>
         <property name="attachments" value=""/>
         <property name="hostName" value="GA253NH - IN3268364W1.ey.net"/>
         <property name="os" value="Windows 10 64bit"/>
         <property name="katalonVersion" value="9.4.0.212"/>
         <property name="browser" value="Edge Chromium 124"/>
         <property name="hostAddress" value="192.168.0.141"/>
         <property name="sessionId" value="ad312c6e1404fd35628df119a633918c"/>
         <property name="seleniumVersion" value="3.141.59"/>
         <property name="proxyInformation" value="ProxyInformation { proxyOption=NO_PROXY, proxyServerType=HTTP, username=, password=********, proxyServerAddress=, proxyServerPort=0, executionList=&quot;&quot;, isApplyToDesiredCapabilities=true }"/>
         <property name="platform" value="Windows 10"/>
      </properties>
      <testcase name="Test Cases/login2" time="15.976" classname="Test Cases/login2" status="PASSED">
         <system-out><![CDATA[18-05-2024T18:48:20 - [TEST_CASE][PASSED] - Test Cases/login2: Test Cases/login2

18-05-2024T18:48:20 - [TEST_STEP][PASSED] - openBrowser(""): Browser is opened with url: ''

18-05-2024T18:48:20 - [MESSAGE][INFO] - Starting 'Edge Chromium' driver

18-05-2024T18:48:24 - [MESSAGE][INFO] - Action delay is set to 0 milliseconds

18-05-2024T18:48:26 - [MESSAGE][PASSED] - Browser is opened with url: ''

18-05-2024T18:48:26 - [TEST_STEP][PASSED] - navigateToUrl("https://petstore.octoperf.com/"): Navigate to 'https://petstore.octoperf.com/' successfully

18-05-2024T18:48:28 - [MESSAGE][PASSED] - Navigate to 'https://petstore.octoperf.com/' successfully

18-05-2024T18:48:28 - [TEST_STEP][PASSED] - click(findTestObject("Object Repository/login2/Page_JPetStore Demo/a_Enter the Store")): Object: 'Object Repository/login2/Page_JPetStore Demo/a_Enter the Store' is clicked on

18-05-2024T18:48:30 - [MESSAGE][PASSED] - Object: 'Object Repository/login2/Page_JPetStore Demo/a_Enter the Store' is clicked on

18-05-2024T18:48:30 - [TEST_STEP][PASSED] - click(findTestObject("Object Repository/login2/Page_JPetStore Demo/a_Sign In")): Object: 'Object Repository/login2/Page_JPetStore Demo/a_Sign In' is clicked on

18-05-2024T18:48:31 - [MESSAGE][PASSED] - Object: 'Object Repository/login2/Page_JPetStore Demo/a_Sign In' is clicked on

18-05-2024T18:48:31 - [TEST_STEP][PASSED] - setText(findTestObject("Object Repository/login2/Page_JPetStore Demo/input_Need a user name and password_username"), "mohan1"): Text 'mohan1' is set on object 'Object Repository/login2/Page_JPetStore Demo/input_Need a user name and password_username'

18-05-2024T18:48:31 - [MESSAGE][PASSED] - Text 'mohan1' is set on object 'Object Repository/login2/Page_JPetStore Demo/input_Need a user name and password_username'

18-05-2024T18:48:31 - [TEST_STEP][PASSED] - setEncryptedText(findTestObject("Object Repository/login2/Page_JPetStore Demo/input_Need a user name and password_password"), "NXt0rM6HQe0="): Text ****** has been set on object 'Object Repository/login2/Page_JPetStore Demo/input_Need a user name and password_password'

18-05-2024T18:48:32 - [MESSAGE][PASSED] - Text ****** has been set on object 'Object Repository/login2/Page_JPetStore Demo/input_Need a user name and password_password'

18-05-2024T18:48:32 - [TEST_STEP][PASSED] - click(findTestObject("Object Repository/login2/Page_JPetStore Demo/input_Need a user name and password_signon")): Object: 'Object Repository/login2/Page_JPetStore Demo/input_Need a user name and password_signon' is clicked on

18-05-2024T18:48:33 - [MESSAGE][PASSED] - Object: 'Object Repository/login2/Page_JPetStore Demo/input_Need a user name and password_signon' is clicked on

18-05-2024T18:48:33 - [TEST_STEP][PASSED] - click(findTestObject("Object Repository/login2/Page_JPetStore Demo/a_My Account")): Object: 'Object Repository/login2/Page_JPetStore Demo/a_My Account' is clicked on

18-05-2024T18:48:34 - [MESSAGE][PASSED] - Object: 'Object Repository/login2/Page_JPetStore Demo/a_My Account' is clicked on

18-05-2024T18:48:34 - [TEST_STEP][PASSED] - verifyElementText(findTestObject("Object Repository/login2/Page_JPetStore Demo/td_mohan1"), "mohan1"): Actual text and expected text of test object 'Object Repository/login2/Page_JPetStore Demo/td_mohan1' are matched.

18-05-2024T18:48:34 - [MESSAGE][PASSED] - Actual text and expected text of test object 'Object Repository/login2/Page_JPetStore Demo/td_mohan1' are matched.

18-05-2024T18:48:34 - [TEST_STEP][PASSED] - click(findTestObject("Object Repository/login2/Page_JPetStore Demo/a_Sign Out")): Object: 'Object Repository/login2/Page_JPetStore Demo/a_Sign Out' is clicked on

18-05-2024T18:48:35 - [MESSAGE][PASSED] - Object: 'Object Repository/login2/Page_JPetStore Demo/a_Sign Out' is clicked on

18-05-2024T18:48:35 - [TEST_STEP][PASSED] - closeBrowser(): Browser is closed

18-05-2024T18:48:36 - [MESSAGE][PASSED] - Browser is closed]]></system-out>
         <system-err><![CDATA[]]></system-err>
      </testcase>
      <testcase name="Test Cases/NavigationJpet" time="87.162" classname="Test Cases/NavigationJpet" status="PASSED">
         <system-out><![CDATA[18-05-2024T18:48:36 - [TEST_CASE][PASSED] - Test Cases/NavigationJpet: Test Cases/NavigationJpet

18-05-2024T18:48:36 - [TEST_STEP][PASSED] - openBrowser(""): Browser is opened with url: ''

18-05-2024T18:48:36 - [MESSAGE][INFO] - Starting 'Edge Chromium' driver

18-05-2024T18:48:39 - [MESSAGE][INFO] - Action delay is set to 0 milliseconds

18-05-2024T18:48:41 - [MESSAGE][PASSED] - Browser is opened with url: ''

18-05-2024T18:48:41 - [TEST_STEP][PASSED] - navigateToUrl("https://petstore.octoperf.com/"): Navigate to 'https://petstore.octoperf.com/' successfully

18-05-2024T18:48:42 - [MESSAGE][PASSED] - Navigate to 'https://petstore.octoperf.com/' successfully

18-05-2024T18:48:42 - [TEST_STEP][PASSED] - click(findTestObject("Object Repository/NavigationJpet/Page_JPetStore Demo/a_Enter the Store")): Object: 'Object Repository/NavigationJpet/Page_JPetStore Demo/a_Enter the Store' is clicked on

18-05-2024T18:48:44 - [MESSAGE][PASSED] - Object: 'Object Repository/NavigationJpet/Page_JPetStore Demo/a_Enter the Store' is clicked on

18-05-2024T18:48:44 - [TEST_STEP][PASSED] - click(findTestObject("Object Repository/NavigationJpet/Page_JPetStore Demo/a_Sign In")): Object: 'Object Repository/NavigationJpet/Page_JPetStore Demo/a_Sign In' is clicked on

18-05-2024T18:48:44 - [MESSAGE][PASSED] - Object: 'Object Repository/NavigationJpet/Page_JPetStore Demo/a_Sign In' is clicked on

18-05-2024T18:48:44 - [TEST_STEP][PASSED] - setText(findTestObject("Object Repository/NavigationJpet/Page_JPetStore Demo/input_Need a user name and password_username"), "mohan1"): Text 'mohan1' is set on object 'Object Repository/NavigationJpet/Page_JPetStore Demo/input_Need a user name and password_username'

18-05-2024T18:49:16 - [MESSAGE][INFO] - Unable to find the element located by 'By.xpath: //input[@id='stripes--837349508']'. Please recheck the objects properties to make sure the desired element is located. 

18-05-2024T18:49:16 - [MESSAGE][WARNING] - [SELF-HEALING] Failed to find element with id 'Object Repository/NavigationJpet/Page_JPetStore Demo/input_Need a user name and password_username'. Try using Self-healing.

18-05-2024T18:49:16 - [MESSAGE][WARNING] - [SELF-HEALING] The current locator of test object 'Object Repository/NavigationJpet/Page_JPetStore Demo/input_Need a user name and password_username' was broken. Propose an alternative one: '//div[@id='Catalog']/form/p[2]/input'.

18-05-2024T18:49:47 - [MESSAGE][INFO] - Unable to find the element located by 'By.xpath: //input[@id='stripes--837349508']'. Please recheck the objects properties to make sure the desired element is located. 

18-05-2024T18:49:47 - [MESSAGE][WARNING] - [SELF-HEALING] Failed to find element with id 'Object Repository/NavigationJpet/Page_JPetStore Demo/input_Need a user name and password_username'. Try using Self-healing.

18-05-2024T18:49:48 - [MESSAGE][WARNING] - [SELF-HEALING] The current locator of test object 'Object Repository/NavigationJpet/Page_JPetStore Demo/input_Need a user name and password_username' was broken. Propose an alternative one: '//div[@id='Catalog']/form/p[2]/input'.

18-05-2024T18:49:48 - [MESSAGE][PASSED] - Text 'mohan1' is set on object 'Object Repository/NavigationJpet/Page_JPetStore Demo/input_Need a user name and password_username'

18-05-2024T18:49:48 - [TEST_STEP][PASSED] - setEncryptedText(findTestObject("Object Repository/NavigationJpet/Page_JPetStore Demo/input_Need a user name and password_password"), "NXt0rM6HQe0="): Text ****** has been set on object 'Object Repository/NavigationJpet/Page_JPetStore Demo/input_Need a user name and password_password'

18-05-2024T18:49:48 - [MESSAGE][PASSED] - Text ****** has been set on object 'Object Repository/NavigationJpet/Page_JPetStore Demo/input_Need a user name and password_password'

18-05-2024T18:49:48 - [TEST_STEP][PASSED] - click(findTestObject("Object Repository/NavigationJpet/Page_JPetStore Demo/input_Need a user name and password_signon")): Object: 'Object Repository/NavigationJpet/Page_JPetStore Demo/input_Need a user name and password_signon' is clicked on

18-05-2024T18:49:49 - [MESSAGE][PASSED] - Object: 'Object Repository/NavigationJpet/Page_JPetStore Demo/input_Need a user name and password_signon' is clicked on

18-05-2024T18:49:49 - [TEST_STEP][PASSED] - click(findTestObject("Object Repository/NavigationJpet/Page_JPetStore Demo/img")): Object: 'Object Repository/NavigationJpet/Page_JPetStore Demo/img' is clicked on

18-05-2024T18:49:50 - [MESSAGE][PASSED] - Object: 'Object Repository/NavigationJpet/Page_JPetStore Demo/img' is clicked on

18-05-2024T18:49:50 - [TEST_STEP][PASSED] - click(findTestObject("Object Repository/NavigationJpet/Page_JPetStore Demo/a_FI-SW-01")): Object: 'Object Repository/NavigationJpet/Page_JPetStore Demo/a_FI-SW-01' is clicked on

18-05-2024T18:49:51 - [MESSAGE][PASSED] - Object: 'Object Repository/NavigationJpet/Page_JPetStore Demo/a_FI-SW-01' is clicked on

18-05-2024T18:49:51 - [TEST_STEP][PASSED] - click(findTestObject("Object Repository/NavigationJpet/Page_JPetStore Demo/a_EST-1")): Object: 'Object Repository/NavigationJpet/Page_JPetStore Demo/a_EST-1' is clicked on

18-05-2024T18:49:52 - [MESSAGE][PASSED] - Object: 'Object Repository/NavigationJpet/Page_JPetStore Demo/a_EST-1' is clicked on

18-05-2024T18:49:52 - [TEST_STEP][PASSED] - click(findTestObject("Object Repository/NavigationJpet/Page_JPetStore Demo/img_1")): Object: 'Object Repository/NavigationJpet/Page_JPetStore Demo/img_1' is clicked on

18-05-2024T18:49:52 - [MESSAGE][PASSED] - Object: 'Object Repository/NavigationJpet/Page_JPetStore Demo/img_1' is clicked on

18-05-2024T18:49:52 - [TEST_STEP][PASSED] - click(findTestObject("Object Repository/NavigationJpet/Page_JPetStore Demo/a_K9-BD-01")): Object: 'Object Repository/NavigationJpet/Page_JPetStore Demo/a_K9-BD-01' is clicked on

18-05-2024T18:49:53 - [MESSAGE][PASSED] - Object: 'Object Repository/NavigationJpet/Page_JPetStore Demo/a_K9-BD-01' is clicked on

18-05-2024T18:49:53 - [TEST_STEP][PASSED] - click(findTestObject("Object Repository/NavigationJpet/Page_JPetStore Demo/a_EST-6")): Object: 'Object Repository/NavigationJpet/Page_JPetStore Demo/a_EST-6' is clicked on

18-05-2024T18:49:54 - [MESSAGE][PASSED] - Object: 'Object Repository/NavigationJpet/Page_JPetStore Demo/a_EST-6' is clicked on

18-05-2024T18:49:54 - [TEST_STEP][PASSED] - click(findTestObject("Object Repository/NavigationJpet/Page_JPetStore Demo/img_1_2")): Object: 'Object Repository/NavigationJpet/Page_JPetStore Demo/img_1_2' is clicked on

18-05-2024T18:49:55 - [MESSAGE][PASSED] - Object: 'Object Repository/NavigationJpet/Page_JPetStore Demo/img_1_2' is clicked on

18-05-2024T18:49:55 - [TEST_STEP][PASSED] - click(findTestObject("Object Repository/NavigationJpet/Page_JPetStore Demo/a_RP-SN-01")): Object: 'Object Repository/NavigationJpet/Page_JPetStore Demo/a_RP-SN-01' is clicked on

18-05-2024T18:49:56 - [MESSAGE][PASSED] - Object: 'Object Repository/NavigationJpet/Page_JPetStore Demo/a_RP-SN-01' is clicked on

18-05-2024T18:49:56 - [TEST_STEP][PASSED] - click(findTestObject("Object Repository/NavigationJpet/Page_JPetStore Demo/a_EST-11")): Object: 'Object Repository/NavigationJpet/Page_JPetStore Demo/a_EST-11' is clicked on

18-05-2024T18:49:57 - [MESSAGE][PASSED] - Object: 'Object Repository/NavigationJpet/Page_JPetStore Demo/a_EST-11' is clicked on

18-05-2024T18:49:57 - [TEST_STEP][PASSED] - click(findTestObject("Object Repository/NavigationJpet/Page_JPetStore Demo/img_1_2_3")): Object: 'Object Repository/NavigationJpet/Page_JPetStore Demo/img_1_2_3' is clicked on

18-05-2024T18:49:58 - [MESSAGE][PASSED] - Object: 'Object Repository/NavigationJpet/Page_JPetStore Demo/img_1_2_3' is clicked on

18-05-2024T18:49:58 - [TEST_STEP][PASSED] - click(findTestObject("Object Repository/NavigationJpet/Page_JPetStore Demo/a_FL-DSH-01")): Object: 'Object Repository/NavigationJpet/Page_JPetStore Demo/a_FL-DSH-01' is clicked on

18-05-2024T18:49:58 - [MESSAGE][PASSED] - Object: 'Object Repository/NavigationJpet/Page_JPetStore Demo/a_FL-DSH-01' is clicked on

18-05-2024T18:49:58 - [TEST_STEP][PASSED] - click(findTestObject("Object Repository/NavigationJpet/Page_JPetStore Demo/a_EST-14")): Object: 'Object Repository/NavigationJpet/Page_JPetStore Demo/a_EST-14' is clicked on

18-05-2024T18:49:59 - [MESSAGE][PASSED] - Object: 'Object Repository/NavigationJpet/Page_JPetStore Demo/a_EST-14' is clicked on

18-05-2024T18:49:59 - [TEST_STEP][PASSED] - click(findTestObject("Object Repository/NavigationJpet/Page_JPetStore Demo/img_1_2_3_4")): Object: 'Object Repository/NavigationJpet/Page_JPetStore Demo/img_1_2_3_4' is clicked on

18-05-2024T18:50:00 - [MESSAGE][PASSED] - Object: 'Object Repository/NavigationJpet/Page_JPetStore Demo/img_1_2_3_4' is clicked on

18-05-2024T18:50:00 - [TEST_STEP][PASSED] - click(findTestObject("Object Repository/NavigationJpet/Page_JPetStore Demo/a_AV-CB-01")): Object: 'Object Repository/NavigationJpet/Page_JPetStore Demo/a_AV-CB-01' is clicked on

18-05-2024T18:50:01 - [MESSAGE][PASSED] - Object: 'Object Repository/NavigationJpet/Page_JPetStore Demo/a_AV-CB-01' is clicked on

18-05-2024T18:50:01 - [TEST_STEP][PASSED] - click(findTestObject("Object Repository/NavigationJpet/Page_JPetStore Demo/a_Sign Out")): Object: 'Object Repository/NavigationJpet/Page_JPetStore Demo/a_Sign Out' is clicked on

18-05-2024T18:50:02 - [MESSAGE][PASSED] - Object: 'Object Repository/NavigationJpet/Page_JPetStore Demo/a_Sign Out' is clicked on

18-05-2024T18:50:02 - [TEST_STEP][PASSED] - closeBrowser(): Browser is closed

18-05-2024T18:50:03 - [MESSAGE][PASSED] - Browser is closed]]></system-out>
         <system-err><![CDATA[]]></system-err>
      </testcase>
      <testcase name="Test Cases/orderJpet" time="18.231" classname="Test Cases/orderJpet" status="PASSED">
         <system-out><![CDATA[18-05-2024T18:50:03 - [TEST_CASE][PASSED] - Test Cases/orderJpet: Test Cases/orderJpet

18-05-2024T18:50:03 - [TEST_STEP][PASSED] - openBrowser(""): Browser is opened with url: ''

18-05-2024T18:50:03 - [MESSAGE][INFO] - Starting 'Edge Chromium' driver

18-05-2024T18:50:06 - [MESSAGE][INFO] - Action delay is set to 0 milliseconds

18-05-2024T18:50:08 - [MESSAGE][PASSED] - Browser is opened with url: ''

18-05-2024T18:50:08 - [TEST_STEP][PASSED] - navigateToUrl("https://petstore.octoperf.com/"): Navigate to 'https://petstore.octoperf.com/' successfully

18-05-2024T18:50:10 - [MESSAGE][PASSED] - Navigate to 'https://petstore.octoperf.com/' successfully

18-05-2024T18:50:10 - [TEST_STEP][PASSED] - click(findTestObject("Object Repository/orderJpet/Page_JPetStore Demo/a_Enter the Store")): Object: 'Object Repository/orderJpet/Page_JPetStore Demo/a_Enter the Store' is clicked on

18-05-2024T18:50:11 - [MESSAGE][PASSED] - Object: 'Object Repository/orderJpet/Page_JPetStore Demo/a_Enter the Store' is clicked on

18-05-2024T18:50:11 - [TEST_STEP][PASSED] - click(findTestObject("Object Repository/orderJpet/Page_JPetStore Demo/a_Sign In")): Object: 'Object Repository/orderJpet/Page_JPetStore Demo/a_Sign In' is clicked on

18-05-2024T18:50:12 - [MESSAGE][PASSED] - Object: 'Object Repository/orderJpet/Page_JPetStore Demo/a_Sign In' is clicked on

18-05-2024T18:50:12 - [TEST_STEP][PASSED] - setText(findTestObject("Object Repository/orderJpet/Page_JPetStore Demo/input_Need a user name and password_username"), "mohan1"): Text 'mohan1' is set on object 'Object Repository/orderJpet/Page_JPetStore Demo/input_Need a user name and password_username'

18-05-2024T18:50:13 - [MESSAGE][PASSED] - Text 'mohan1' is set on object 'Object Repository/orderJpet/Page_JPetStore Demo/input_Need a user name and password_username'

18-05-2024T18:50:13 - [TEST_STEP][PASSED] - setEncryptedText(findTestObject("Object Repository/orderJpet/Page_JPetStore Demo/input_Need a user name and password_password"), "NXt0rM6HQe0="): Text ****** has been set on object 'Object Repository/orderJpet/Page_JPetStore Demo/input_Need a user name and password_password'

18-05-2024T18:50:13 - [MESSAGE][PASSED] - Text ****** has been set on object 'Object Repository/orderJpet/Page_JPetStore Demo/input_Need a user name and password_password'

18-05-2024T18:50:13 - [TEST_STEP][PASSED] - click(findTestObject("Object Repository/orderJpet/Page_JPetStore Demo/input_Need a user name and password_signon")): Object: 'Object Repository/orderJpet/Page_JPetStore Demo/input_Need a user name and password_signon' is clicked on

18-05-2024T18:50:14 - [MESSAGE][PASSED] - Object: 'Object Repository/orderJpet/Page_JPetStore Demo/input_Need a user name and password_signon' is clicked on

18-05-2024T18:50:14 - [TEST_STEP][PASSED] - click(findTestObject("Object Repository/orderJpet/Page_JPetStore Demo/img")): Object: 'Object Repository/orderJpet/Page_JPetStore Demo/img' is clicked on

18-05-2024T18:50:15 - [MESSAGE][PASSED] - Object: 'Object Repository/orderJpet/Page_JPetStore Demo/img' is clicked on

18-05-2024T18:50:15 - [TEST_STEP][PASSED] - click(findTestObject("Object Repository/orderJpet/Page_JPetStore Demo/a_FI-SW-01")): Object: 'Object Repository/orderJpet/Page_JPetStore Demo/a_FI-SW-01' is clicked on

18-05-2024T18:50:16 - [MESSAGE][PASSED] - Object: 'Object Repository/orderJpet/Page_JPetStore Demo/a_FI-SW-01' is clicked on

18-05-2024T18:50:16 - [TEST_STEP][PASSED] - click(findTestObject("Object Repository/orderJpet/Page_JPetStore Demo/a_Add to Cart")): Object: 'Object Repository/orderJpet/Page_JPetStore Demo/a_Add to Cart' is clicked on

18-05-2024T18:50:17 - [MESSAGE][PASSED] - Object: 'Object Repository/orderJpet/Page_JPetStore Demo/a_Add to Cart' is clicked on

18-05-2024T18:50:17 - [TEST_STEP][PASSED] - click(findTestObject("Object Repository/orderJpet/Page_JPetStore Demo/a_Proceed to Checkout")): Object: 'Object Repository/orderJpet/Page_JPetStore Demo/a_Proceed to Checkout' is clicked on

18-05-2024T18:50:17 - [MESSAGE][PASSED] - Object: 'Object Repository/orderJpet/Page_JPetStore Demo/a_Proceed to Checkout' is clicked on

18-05-2024T18:50:17 - [TEST_STEP][PASSED] - click(findTestObject("Object Repository/orderJpet/Page_JPetStore Demo/input_Ship to different address_newOrder")): Object: 'Object Repository/orderJpet/Page_JPetStore Demo/input_Ship to different address_newOrder' is clicked on

18-05-2024T18:50:18 - [MESSAGE][PASSED] - Object: 'Object Repository/orderJpet/Page_JPetStore Demo/input_Ship to different address_newOrder' is clicked on

18-05-2024T18:50:18 - [TEST_STEP][PASSED] - click(findTestObject("Object Repository/orderJpet/Page_JPetStore Demo/a_Confirm")): Object: 'Object Repository/orderJpet/Page_JPetStore Demo/a_Confirm' is clicked on

18-05-2024T18:50:19 - [MESSAGE][PASSED] - Object: 'Object Repository/orderJpet/Page_JPetStore Demo/a_Confirm' is clicked on

18-05-2024T18:50:19 - [TEST_STEP][PASSED] - verifyElementText(findTestObject("Object Repository/orderJpet/Page_JPetStore Demo/li_Thank you, your order has been submitted"), "Thank you, your order has been submitted."): Actual text and expected text of test object 'Object Repository/orderJpet/Page_JPetStore Demo/li_Thank you, your order has been submitted' are matched.

18-05-2024T18:50:19 - [MESSAGE][PASSED] - Actual text and expected text of test object 'Object Repository/orderJpet/Page_JPetStore Demo/li_Thank you, your order has been submitted' are matched.

18-05-2024T18:50:19 - [TEST_STEP][PASSED] - click(findTestObject("Object Repository/orderJpet/Page_JPetStore Demo/a_Sign Out")): Object: 'Object Repository/orderJpet/Page_JPetStore Demo/a_Sign Out' is clicked on

18-05-2024T18:50:20 - [MESSAGE][PASSED] - Object: 'Object Repository/orderJpet/Page_JPetStore Demo/a_Sign Out' is clicked on

18-05-2024T18:50:20 - [TEST_STEP][PASSED] - closeBrowser(): Browser is closed

18-05-2024T18:50:21 - [MESSAGE][PASSED] - Browser is closed]]></system-out>
         <system-err><![CDATA[]]></system-err>
      </testcase>
      <system-out><![CDATA[18-05-2024T18:48:19 - [TEST_SUITE][PASSED] - MiscellaneousJpet: Test Cases/orderJpet]]></system-out>
      <system-err><![CDATA[]]></system-err>
   </testsuite>
</testsuites>
