<?xml version="1.0" encoding="UTF-8"?>
<testsuites name="MiscellaneousProducts" time="135.891" tests="4" failures="0" errors="0">
   <testsuite name="MiscellaneousProducts" tests="4" failures="0" errors="0" time="135.891" skipped="0" timestamp="18-05-2024T18:45:57" hostname="GA253NH - IN3268364W1.ey.net" id="Test Suites/MiscellaneousProducts">
      <properties>
         <property name="deviceName" value=""/>
         <property name="devicePlatform" value=""/>
         <property name="logFolder" value="C:\\Users\\GA253NH\\git\\katalonpractice\\Reports\\20240518_184029\\MiscellaneousProducts\\20240518_184038"/>
         <property name="logFiles" value="C:\\Users\\GA253NH\\git\\katalonpractice\\Reports\\20240518_184029\\MiscellaneousProducts\\20240518_184038\\execution0.log"/>
         <property name="attachments" value=""/>
         <property name="hostName" value="GA253NH - IN3268364W1.ey.net"/>
         <property name="os" value="Windows 10 64bit"/>
         <property name="katalonVersion" value="9.4.0.212"/>
         <property name="browser" value="Edge Chromium 124"/>
         <property name="hostAddress" value="192.168.0.141"/>
         <property name="sessionId" value="9b4915d7047c45876472ff552db94408"/>
         <property name="seleniumVersion" value="3.141.59"/>
         <property name="proxyInformation" value="ProxyInformation { proxyOption=NO_PROXY, proxyServerType=HTTP, username=, password=********, proxyServerAddress=, proxyServerPort=0, executionList=&quot;&quot;, isApplyToDesiredCapabilities=true }"/>
         <property name="platform" value="Windows 10"/>
      </properties>
      <testcase name="Test Cases/login" time="12.886" classname="Test Cases/login" status="PASSED">
         <system-out><![CDATA[18-05-2024T18:45:57 - [TEST_CASE][PASSED] - Test Cases/login: Test Cases/login

18-05-2024T18:45:58 - [TEST_STEP][PASSED] - openBrowser(""): Browser is opened with url: ''

18-05-2024T18:45:58 - [MESSAGE][INFO] - Starting 'Edge Chromium' driver

18-05-2024T18:46:01 - [MESSAGE][INFO] - Action delay is set to 0 milliseconds

18-05-2024T18:46:04 - [MESSAGE][PASSED] - Browser is opened with url: ''

18-05-2024T18:46:04 - [TEST_STEP][PASSED] - navigateToUrl("https://www.saucedemo.com/v1/"): Navigate to 'https://www.saucedemo.com/v1/' successfully

18-05-2024T18:46:06 - [MESSAGE][PASSED] - Navigate to 'https://www.saucedemo.com/v1/' successfully

18-05-2024T18:46:06 - [TEST_STEP][PASSED] - setText(findTestObject("Object Repository/order/Page_Swag Labs/input_standard_userlocked_out_userproblem_u_db77ac"), "standard_user"): Text 'standard_user' is set on object 'Object Repository/order/Page_Swag Labs/input_standard_userlocked_out_userproblem_u_db77ac'

18-05-2024T18:46:07 - [MESSAGE][PASSED] - Text 'standard_user' is set on object 'Object Repository/order/Page_Swag Labs/input_standard_userlocked_out_userproblem_u_db77ac'

18-05-2024T18:46:07 - [TEST_STEP][PASSED] - setEncryptedText(findTestObject("Object Repository/order/Page_Swag Labs/input_standard_userlocked_out_userproblem_u_3423e9"), "qcu24s4901FyWDTwXGr6XA=="): Text ****** has been set on object 'Object Repository/order/Page_Swag Labs/input_standard_userlocked_out_userproblem_u_3423e9'

18-05-2024T18:46:07 - [MESSAGE][PASSED] - Text ****** has been set on object 'Object Repository/order/Page_Swag Labs/input_standard_userlocked_out_userproblem_u_3423e9'

18-05-2024T18:46:07 - [TEST_STEP][PASSED] - click(findTestObject("Object Repository/order/Page_Swag Labs/input_standard_userlocked_out_userproblem_u_0dff71")): Object: 'Object Repository/order/Page_Swag Labs/input_standard_userlocked_out_userproblem_u_0dff71' is clicked on

18-05-2024T18:46:08 - [MESSAGE][PASSED] - Object: 'Object Repository/order/Page_Swag Labs/input_standard_userlocked_out_userproblem_u_0dff71' is clicked on

18-05-2024T18:46:08 - [TEST_STEP][PASSED] - click(findTestObject("Object Repository/order/Page_Swag Labs/button_Open Menu")): Object: 'Object Repository/order/Page_Swag Labs/button_Open Menu' is clicked on

18-05-2024T18:46:09 - [MESSAGE][PASSED] - Object: 'Object Repository/order/Page_Swag Labs/button_Open Menu' is clicked on

18-05-2024T18:46:09 - [TEST_STEP][PASSED] - click(findTestObject("Object Repository/order/Page_Swag Labs/a_Logout")): Object: 'Object Repository/order/Page_Swag Labs/a_Logout' is clicked on

18-05-2024T18:46:10 - [MESSAGE][PASSED] - Object: 'Object Repository/order/Page_Swag Labs/a_Logout' is clicked on

18-05-2024T18:46:10 - [TEST_STEP][PASSED] - closeBrowser(): Browser is closed

18-05-2024T18:46:10 - [MESSAGE][PASSED] - Browser is closed]]></system-out>
         <system-err><![CDATA[]]></system-err>
      </testcase>
      <testcase name="Test Cases/orderMultiple" time="19.613" classname="Test Cases/orderMultiple" status="PASSED">
         <system-out><![CDATA[18-05-2024T18:46:10 - [TEST_CASE][PASSED] - Test Cases/orderMultiple: Test Cases/orderMultiple

18-05-2024T18:46:10 - [TEST_STEP][PASSED] - openBrowser(""): Browser is opened with url: ''

18-05-2024T18:46:10 - [MESSAGE][INFO] - Starting 'Edge Chromium' driver

18-05-2024T18:46:14 - [MESSAGE][INFO] - Action delay is set to 0 milliseconds

18-05-2024T18:46:15 - [MESSAGE][PASSED] - Browser is opened with url: ''

18-05-2024T18:46:15 - [TEST_STEP][PASSED] - navigateToUrl("https://www.saucedemo.com/v1/"): Navigate to 'https://www.saucedemo.com/v1/' successfully

18-05-2024T18:46:17 - [MESSAGE][PASSED] - Navigate to 'https://www.saucedemo.com/v1/' successfully

18-05-2024T18:46:17 - [TEST_STEP][PASSED] - maximizeWindow(): Current window maximized

18-05-2024T18:46:17 - [MESSAGE][PASSED] - Current window maximized

18-05-2024T18:46:17 - [TEST_STEP][PASSED] - setText(findTestObject("Object Repository/orderMultiple2/Page_Swag Labs/input_standard_userlocked_out_userproblem_u_db77ac"), "standard_user"): Text 'standard_user' is set on object 'Object Repository/orderMultiple2/Page_Swag Labs/input_standard_userlocked_out_userproblem_u_db77ac'

18-05-2024T18:46:18 - [MESSAGE][PASSED] - Text 'standard_user' is set on object 'Object Repository/orderMultiple2/Page_Swag Labs/input_standard_userlocked_out_userproblem_u_db77ac'

18-05-2024T18:46:18 - [TEST_STEP][PASSED] - setEncryptedText(findTestObject("Object Repository/orderMultiple2/Page_Swag Labs/input_standard_userlocked_out_userproblem_u_3423e9"), "qcu24s4901FyWDTwXGr6XA=="): Text ****** has been set on object 'Object Repository/orderMultiple2/Page_Swag Labs/input_standard_userlocked_out_userproblem_u_3423e9'

18-05-2024T18:46:19 - [MESSAGE][PASSED] - Text ****** has been set on object 'Object Repository/orderMultiple2/Page_Swag Labs/input_standard_userlocked_out_userproblem_u_3423e9'

18-05-2024T18:46:19 - [TEST_STEP][PASSED] - click(findTestObject("Object Repository/orderMultiple2/Page_Swag Labs/input_standard_userlocked_out_userproblem_u_0dff71")): Object: 'Object Repository/orderMultiple2/Page_Swag Labs/input_standard_userlocked_out_userproblem_u_0dff71' is clicked on

18-05-2024T18:46:20 - [MESSAGE][PASSED] - Object: 'Object Repository/orderMultiple2/Page_Swag Labs/input_standard_userlocked_out_userproblem_u_0dff71' is clicked on

18-05-2024T18:46:20 - [TEST_STEP][PASSED] - click(findTestObject("Object Repository/orderMultiple2/Page_Swag Labs/div_Sauce Labs Backpack")): Object: 'Object Repository/orderMultiple2/Page_Swag Labs/div_Sauce Labs Backpack' is clicked on

18-05-2024T18:46:21 - [MESSAGE][PASSED] - Object: 'Object Repository/orderMultiple2/Page_Swag Labs/div_Sauce Labs Backpack' is clicked on

18-05-2024T18:46:21 - [TEST_STEP][PASSED] - click(findTestObject("Object Repository/orderMultiple2/Page_Swag Labs/button_ADD TO CART")): Object: 'Object Repository/orderMultiple2/Page_Swag Labs/button_ADD TO CART' is clicked on

18-05-2024T18:46:21 - [MESSAGE][PASSED] - Object: 'Object Repository/orderMultiple2/Page_Swag Labs/button_ADD TO CART' is clicked on

18-05-2024T18:46:21 - [TEST_STEP][PASSED] - click(findTestObject("Object Repository/orderMultiple2/Page_Swag Labs/button_- Back")): Object: 'Object Repository/orderMultiple2/Page_Swag Labs/button_- Back' is clicked on

18-05-2024T18:46:22 - [MESSAGE][PASSED] - Object: 'Object Repository/orderMultiple2/Page_Swag Labs/button_- Back' is clicked on

18-05-2024T18:46:22 - [TEST_STEP][PASSED] - click(findTestObject("Object Repository/orderMultiple2/Page_Swag Labs/div_Sauce Labs Bike Light")): Object: 'Object Repository/orderMultiple2/Page_Swag Labs/div_Sauce Labs Bike Light' is clicked on

18-05-2024T18:46:23 - [MESSAGE][PASSED] - Object: 'Object Repository/orderMultiple2/Page_Swag Labs/div_Sauce Labs Bike Light' is clicked on

18-05-2024T18:46:23 - [TEST_STEP][PASSED] - click(findTestObject("Object Repository/orderMultiple2/Page_Swag Labs/button_ADD TO CART")): Object: 'Object Repository/orderMultiple2/Page_Swag Labs/button_ADD TO CART' is clicked on

18-05-2024T18:46:23 - [MESSAGE][PASSED] - Object: 'Object Repository/orderMultiple2/Page_Swag Labs/button_ADD TO CART' is clicked on

18-05-2024T18:46:23 - [TEST_STEP][PASSED] - click(findTestObject("Object Repository/orderMultiple2/Page_Swag Labs/svg_Swag Labs_svg-inline--fa fa-shopping-ca_963f6f")): Object: 'Object Repository/orderMultiple2/Page_Swag Labs/svg_Swag Labs_svg-inline--fa fa-shopping-ca_963f6f' is clicked on

18-05-2024T18:46:24 - [MESSAGE][PASSED] - Object: 'Object Repository/orderMultiple2/Page_Swag Labs/svg_Swag Labs_svg-inline--fa fa-shopping-ca_963f6f' is clicked on

18-05-2024T18:46:24 - [TEST_STEP][PASSED] - click(findTestObject("Object Repository/orderMultiple2/Page_Swag Labs/a_CHECKOUT")): Object: 'Object Repository/orderMultiple2/Page_Swag Labs/a_CHECKOUT' is clicked on

18-05-2024T18:46:25 - [MESSAGE][PASSED] - Object: 'Object Repository/orderMultiple2/Page_Swag Labs/a_CHECKOUT' is clicked on

18-05-2024T18:46:25 - [TEST_STEP][PASSED] - setText(findTestObject("Object Repository/orderMultiple2/Page_Swag Labs/input_Checkout Your Information_first-name"), "test1"): Text 'test1' is set on object 'Object Repository/orderMultiple2/Page_Swag Labs/input_Checkout Your Information_first-name'

18-05-2024T18:46:26 - [MESSAGE][PASSED] - Text 'test1' is set on object 'Object Repository/orderMultiple2/Page_Swag Labs/input_Checkout Your Information_first-name'

18-05-2024T18:46:26 - [TEST_STEP][PASSED] - setText(findTestObject("Object Repository/orderMultiple2/Page_Swag Labs/input_Checkout Your Information_last-name"), "test2"): Text 'test2' is set on object 'Object Repository/orderMultiple2/Page_Swag Labs/input_Checkout Your Information_last-name'

18-05-2024T18:46:27 - [MESSAGE][PASSED] - Text 'test2' is set on object 'Object Repository/orderMultiple2/Page_Swag Labs/input_Checkout Your Information_last-name'

18-05-2024T18:46:27 - [TEST_STEP][PASSED] - setText(findTestObject("Object Repository/orderMultiple2/Page_Swag Labs/input_Checkout Your Information_postal-code"), "200345"): Text '200345' is set on object 'Object Repository/orderMultiple2/Page_Swag Labs/input_Checkout Your Information_postal-code'

18-05-2024T18:46:28 - [MESSAGE][PASSED] - Text '200345' is set on object 'Object Repository/orderMultiple2/Page_Swag Labs/input_Checkout Your Information_postal-code'

18-05-2024T18:46:28 - [TEST_STEP][PASSED] - click(findTestObject("Object Repository/orderMultiple2/Page_Swag Labs/input_CANCEL_btn_primary cart_button")): Object: 'Object Repository/orderMultiple2/Page_Swag Labs/input_CANCEL_btn_primary cart_button' is clicked on

18-05-2024T18:46:28 - [MESSAGE][PASSED] - Object: 'Object Repository/orderMultiple2/Page_Swag Labs/input_CANCEL_btn_primary cart_button' is clicked on

18-05-2024T18:46:28 - [TEST_STEP][PASSED] - click(findTestObject("Object Repository/orderMultiple2/Page_Swag Labs/a_FINISH")): Object: 'Object Repository/orderMultiple2/Page_Swag Labs/a_FINISH' is clicked on

18-05-2024T18:46:29 - [MESSAGE][PASSED] - Object: 'Object Repository/orderMultiple2/Page_Swag Labs/a_FINISH' is clicked on

18-05-2024T18:46:29 - [TEST_STEP][PASSED] - closeBrowser(): Browser is closed

18-05-2024T18:46:30 - [MESSAGE][PASSED] - Browser is closed]]></system-out>
         <system-err><![CDATA[]]></system-err>
      </testcase>
      <testcase name="Test Cases/RemoveProducts" time="14.58" classname="Test Cases/RemoveProducts" status="PASSED">
         <system-out><![CDATA[18-05-2024T18:46:30 - [TEST_CASE][PASSED] - Test Cases/RemoveProducts: Test Cases/RemoveProducts

18-05-2024T18:46:30 - [TEST_STEP][PASSED] - openBrowser(""): Browser is opened with url: ''

18-05-2024T18:46:30 - [MESSAGE][INFO] - Starting 'Edge Chromium' driver

18-05-2024T18:46:33 - [MESSAGE][INFO] - Action delay is set to 0 milliseconds

18-05-2024T18:46:35 - [MESSAGE][PASSED] - Browser is opened with url: ''

18-05-2024T18:46:35 - [TEST_STEP][PASSED] - navigateToUrl("https://www.saucedemo.com/v1/"): Navigate to 'https://www.saucedemo.com/v1/' successfully

18-05-2024T18:46:37 - [MESSAGE][PASSED] - Navigate to 'https://www.saucedemo.com/v1/' successfully

18-05-2024T18:46:37 - [TEST_STEP][PASSED] - click(findTestObject("Object Repository/removeProducts/Page_Swag Labs/div_Accepted usernames are                s_40dcc1")): Object: 'Object Repository/removeProducts/Page_Swag Labs/div_Accepted usernames are                s_40dcc1' is clicked on

18-05-2024T18:46:37 - [MESSAGE][PASSED] - Object: 'Object Repository/removeProducts/Page_Swag Labs/div_Accepted usernames are                s_40dcc1' is clicked on

18-05-2024T18:46:37 - [TEST_STEP][PASSED] - setText(findTestObject("Object Repository/removeProducts/Page_Swag Labs/input_standard_userlocked_out_userproblem_u_db77ac"), "standard_user"): Text 'standard_user' is set on object 'Object Repository/removeProducts/Page_Swag Labs/input_standard_userlocked_out_userproblem_u_db77ac'

18-05-2024T18:46:38 - [MESSAGE][PASSED] - Text 'standard_user' is set on object 'Object Repository/removeProducts/Page_Swag Labs/input_standard_userlocked_out_userproblem_u_db77ac'

18-05-2024T18:46:38 - [TEST_STEP][PASSED] - setEncryptedText(findTestObject("Object Repository/removeProducts/Page_Swag Labs/input_standard_userlocked_out_userproblem_u_3423e9"), "qcu24s4901FyWDTwXGr6XA=="): Text ****** has been set on object 'Object Repository/removeProducts/Page_Swag Labs/input_standard_userlocked_out_userproblem_u_3423e9'

18-05-2024T18:46:39 - [MESSAGE][PASSED] - Text ****** has been set on object 'Object Repository/removeProducts/Page_Swag Labs/input_standard_userlocked_out_userproblem_u_3423e9'

18-05-2024T18:46:39 - [TEST_STEP][PASSED] - click(findTestObject("Object Repository/removeProducts/Page_Swag Labs/input_standard_userlocked_out_userproblem_u_0dff71")): Object: 'Object Repository/removeProducts/Page_Swag Labs/input_standard_userlocked_out_userproblem_u_0dff71' is clicked on

18-05-2024T18:46:41 - [MESSAGE][PASSED] - Object: 'Object Repository/removeProducts/Page_Swag Labs/input_standard_userlocked_out_userproblem_u_0dff71' is clicked on

18-05-2024T18:46:41 - [TEST_STEP][PASSED] - click(findTestObject("Object Repository/removeProducts/Page_Swag Labs/button_ADD TO CART")): Object: 'Object Repository/removeProducts/Page_Swag Labs/button_ADD TO CART' is clicked on

18-05-2024T18:46:41 - [MESSAGE][PASSED] - Object: 'Object Repository/removeProducts/Page_Swag Labs/button_ADD TO CART' is clicked on

18-05-2024T18:46:41 - [TEST_STEP][PASSED] - click(findTestObject("Object Repository/removeProducts/Page_Swag Labs/div_Sauce Labs Backpack")): Object: 'Object Repository/removeProducts/Page_Swag Labs/div_Sauce Labs Backpack' is clicked on

18-05-2024T18:46:42 - [MESSAGE][PASSED] - Object: 'Object Repository/removeProducts/Page_Swag Labs/div_Sauce Labs Backpack' is clicked on

18-05-2024T18:46:42 - [TEST_STEP][PASSED] - click(findTestObject("Object Repository/removeProducts/Page_Swag Labs/button_REMOVE")): Object: 'Object Repository/removeProducts/Page_Swag Labs/button_REMOVE' is clicked on

18-05-2024T18:46:43 - [MESSAGE][PASSED] - Object: 'Object Repository/removeProducts/Page_Swag Labs/button_REMOVE' is clicked on

18-05-2024T18:46:43 - [TEST_STEP][PASSED] - click(findTestObject("Object Repository/removeProducts/Page_Swag Labs/button_Open Menu")): Object: 'Object Repository/removeProducts/Page_Swag Labs/button_Open Menu' is clicked on

18-05-2024T18:46:43 - [MESSAGE][PASSED] - Object: 'Object Repository/removeProducts/Page_Swag Labs/button_Open Menu' is clicked on

18-05-2024T18:46:43 - [TEST_STEP][PASSED] - click(findTestObject("Object Repository/removeProducts/Page_Swag Labs/a_Logout")): Object: 'Object Repository/removeProducts/Page_Swag Labs/a_Logout' is clicked on

18-05-2024T18:46:44 - [MESSAGE][PASSED] - Object: 'Object Repository/removeProducts/Page_Swag Labs/a_Logout' is clicked on

18-05-2024T18:46:44 - [TEST_STEP][PASSED] - closeBrowser(): Browser is closed

18-05-2024T18:46:44 - [MESSAGE][PASSED] - Browser is closed]]></system-out>
         <system-err><![CDATA[]]></system-err>
      </testcase>
      <testcase name="Test Cases/TC_1orderproduct" time="88.577" classname="Test Cases/TC_1orderproduct" status="PASSED">
         <system-out><![CDATA[18-05-2024T18:46:44 - [TEST_CASE][PASSED] - Test Cases/TC_1orderproduct: Test Cases/TC_1orderproduct

18-05-2024T18:46:45 - [TEST_STEP][PASSED] - openBrowser(""): Browser is opened with url: ''

18-05-2024T18:46:45 - [MESSAGE][INFO] - Starting 'Edge Chromium' driver

18-05-2024T18:46:48 - [MESSAGE][INFO] - Action delay is set to 0 milliseconds

18-05-2024T18:46:50 - [MESSAGE][PASSED] - Browser is opened with url: ''

18-05-2024T18:46:50 - [TEST_STEP][PASSED] - navigateToUrl("https://www.saucedemo.com/v1/"): Navigate to 'https://www.saucedemo.com/v1/' successfully

18-05-2024T18:46:51 - [MESSAGE][PASSED] - Navigate to 'https://www.saucedemo.com/v1/' successfully

18-05-2024T18:46:51 - [TEST_STEP][PASSED] - maximizeWindow(): Current window maximized

18-05-2024T18:46:51 - [MESSAGE][PASSED] - Current window maximized

18-05-2024T18:46:51 - [TEST_STEP][PASSED] - setText(findTestObject("Object Repository/swagOrderMultiple/Page_Swag Labs/input_standard_userlocked_out_userproblem_u_db77ac"), "standard_user"): Text 'standard_user' is set on object 'Object Repository/swagOrderMultiple/Page_Swag Labs/input_standard_userlocked_out_userproblem_u_db77ac'

18-05-2024T18:46:52 - [MESSAGE][PASSED] - Text 'standard_user' is set on object 'Object Repository/swagOrderMultiple/Page_Swag Labs/input_standard_userlocked_out_userproblem_u_db77ac'

18-05-2024T18:46:52 - [TEST_STEP][PASSED] - setEncryptedText(findTestObject("Object Repository/swagOrderMultiple/Page_Swag Labs/input_standard_userlocked_out_userproblem_u_3423e9"), "qcu24s4901FyWDTwXGr6XA=="): Text ****** has been set on object 'Object Repository/swagOrderMultiple/Page_Swag Labs/input_standard_userlocked_out_userproblem_u_3423e9'

18-05-2024T18:46:53 - [MESSAGE][PASSED] - Text ****** has been set on object 'Object Repository/swagOrderMultiple/Page_Swag Labs/input_standard_userlocked_out_userproblem_u_3423e9'

18-05-2024T18:46:53 - [TEST_STEP][PASSED] - click(findTestObject("Object Repository/swagOrderMultiple/Page_Swag Labs/input_standard_userlocked_out_userproblem_u_0dff71")): Object: 'Object Repository/swagOrderMultiple/Page_Swag Labs/input_standard_userlocked_out_userproblem_u_0dff71' is clicked on

18-05-2024T18:46:54 - [MESSAGE][PASSED] - Object: 'Object Repository/swagOrderMultiple/Page_Swag Labs/input_standard_userlocked_out_userproblem_u_0dff71' is clicked on

18-05-2024T18:46:54 - [TEST_STEP][PASSED] - delay(2): Delayed 2 second(s)

18-05-2024T18:46:56 - [MESSAGE][PASSED] - Delayed 2 second(s)

18-05-2024T18:46:56 - [TEST_STEP][PASSED] - click(findTestObject("Object Repository/swagOrderMultiple/Page_Swag Labs/button_ADD TO CART")): Object: 'Object Repository/swagOrderMultiple/Page_Swag Labs/button_ADD TO CART' is clicked on

18-05-2024T18:46:56 - [MESSAGE][PASSED] - Object: 'Object Repository/swagOrderMultiple/Page_Swag Labs/button_ADD TO CART' is clicked on

18-05-2024T18:46:56 - [TEST_STEP][PASSED] - click(findTestObject("Object Repository/swagOrderMultiple/Page_Swag Labs/div_Sauce Labs Bolt T-Shirt")): Object: 'Object Repository/swagOrderMultiple/Page_Swag Labs/div_Sauce Labs Bolt T-Shirt' is clicked on

18-05-2024T18:46:57 - [MESSAGE][PASSED] - Object: 'Object Repository/swagOrderMultiple/Page_Swag Labs/div_Sauce Labs Bolt T-Shirt' is clicked on

18-05-2024T18:46:57 - [TEST_STEP][PASSED] - click(findTestObject("Object Repository/swagOrderMultiple/Page_Swag Labs/button_- Back")): Object: 'Object Repository/swagOrderMultiple/Page_Swag Labs/button_- Back' is clicked on

18-05-2024T18:46:58 - [MESSAGE][PASSED] - Object: 'Object Repository/swagOrderMultiple/Page_Swag Labs/button_- Back' is clicked on

18-05-2024T18:46:58 - [TEST_STEP][PASSED] - delay(2): Delayed 2 second(s)

18-05-2024T18:47:00 - [MESSAGE][PASSED] - Delayed 2 second(s)

18-05-2024T18:47:00 - [TEST_STEP][PASSED] - click(findTestObject("Object Repository/swagOrderMultiple/Page_Swag Labs/button_ADD TO CART")): Object: 'Object Repository/swagOrderMultiple/Page_Swag Labs/button_ADD TO CART' is clicked on

18-05-2024T18:47:00 - [MESSAGE][PASSED] - Object: 'Object Repository/swagOrderMultiple/Page_Swag Labs/button_ADD TO CART' is clicked on

18-05-2024T18:47:00 - [TEST_STEP][PASSED] - click(findTestObject("Object Repository/swagOrderMultiple/Page_Swag Labs/div_Sauce Labs Bike Light")): Object: 'Object Repository/swagOrderMultiple/Page_Swag Labs/div_Sauce Labs Bike Light' is clicked on

18-05-2024T18:47:01 - [MESSAGE][PASSED] - Object: 'Object Repository/swagOrderMultiple/Page_Swag Labs/div_Sauce Labs Bike Light' is clicked on

18-05-2024T18:47:01 - [TEST_STEP][PASSED] - click(findTestObject("Object Repository/swagOrderMultiple/Page_Swag Labs/button_ADD TO CART")): Object: 'Object Repository/swagOrderMultiple/Page_Swag Labs/button_ADD TO CART' is clicked on

18-05-2024T18:47:32 - [MESSAGE][INFO] - Unable to find the element located by 'By.xpath: //div[@id='inventory_container']/div/div/div[3]/button'. Please recheck the objects properties to make sure the desired element is located. 

18-05-2024T18:47:32 - [MESSAGE][WARNING] - [SELF-HEALING] Failed to find element with id 'Object Repository/swagOrderMultiple/Page_Swag Labs/button_ADD TO CART'. Try using Self-healing.

18-05-2024T18:47:33 - [MESSAGE][WARNING] - [SELF-HEALING] The current locator of test object 'Object Repository/swagOrderMultiple/Page_Swag Labs/button_ADD TO CART' was broken. Propose an alternative one: '(.//*[normalize-space(text()) and normalize-space(.)='Sauce Labs Bike Light'])[1]/preceding::button[1]'.

18-05-2024T18:47:33 - [MESSAGE][PASSED] - Object: 'Object Repository/swagOrderMultiple/Page_Swag Labs/button_ADD TO CART' is clicked on

18-05-2024T18:47:33 - [TEST_STEP][PASSED] - click(findTestObject("Object Repository/swagOrderMultiple/Page_Swag Labs/button_- Back")): Object: 'Object Repository/swagOrderMultiple/Page_Swag Labs/button_- Back' is clicked on

18-05-2024T18:48:04 - [MESSAGE][INFO] - Unable to find the element located by 'By.xpath: //div[@id='inventory_item_container']/div/button'. Please recheck the objects properties to make sure the desired element is located. 

18-05-2024T18:48:04 - [MESSAGE][WARNING] - [SELF-HEALING] Failed to find element with id 'Object Repository/swagOrderMultiple/Page_Swag Labs/button_- Back'. Try using Self-healing.

18-05-2024T18:48:04 - [MESSAGE][WARNING] - [SELF-HEALING] The current locator of test object 'Object Repository/swagOrderMultiple/Page_Swag Labs/button_- Back' was broken. Propose an alternative one: '(.//*[normalize-space(text()) and normalize-space(.)='Open Menu'])[1]/following::button[1]'.

18-05-2024T18:48:04 - [MESSAGE][PASSED] - Object: 'Object Repository/swagOrderMultiple/Page_Swag Labs/button_- Back' is clicked on

18-05-2024T18:48:04 - [TEST_STEP][PASSED] - click(findTestObject("Object Repository/swagOrderMultiple/Page_Swag Labs/svg_Open Menu_svg-inline--fa fa-shopping-ca_f4ec0f")): Object: 'Object Repository/swagOrderMultiple/Page_Swag Labs/svg_Open Menu_svg-inline--fa fa-shopping-ca_f4ec0f' is clicked on

18-05-2024T18:48:05 - [MESSAGE][PASSED] - Object: 'Object Repository/swagOrderMultiple/Page_Swag Labs/svg_Open Menu_svg-inline--fa fa-shopping-ca_f4ec0f' is clicked on

18-05-2024T18:48:05 - [TEST_STEP][PASSED] - click(findTestObject("Object Repository/swagOrderMultiple/Page_Swag Labs/a_CHECKOUT")): Object: 'Object Repository/swagOrderMultiple/Page_Swag Labs/a_CHECKOUT' is clicked on

18-05-2024T18:48:06 - [MESSAGE][PASSED] - Object: 'Object Repository/swagOrderMultiple/Page_Swag Labs/a_CHECKOUT' is clicked on

18-05-2024T18:48:06 - [TEST_STEP][PASSED] - setText(findTestObject("Object Repository/swagOrderMultiple/Page_Swag Labs/input_Checkout Your Information_first-name"), "test1"): Text 'test1' is set on object 'Object Repository/swagOrderMultiple/Page_Swag Labs/input_Checkout Your Information_first-name'

18-05-2024T18:48:07 - [MESSAGE][PASSED] - Text 'test1' is set on object 'Object Repository/swagOrderMultiple/Page_Swag Labs/input_Checkout Your Information_first-name'

18-05-2024T18:48:07 - [TEST_STEP][PASSED] - setText(findTestObject("Object Repository/swagOrderMultiple/Page_Swag Labs/input_Checkout Your Information_last-name"), "ctest1"): Text 'ctest1' is set on object 'Object Repository/swagOrderMultiple/Page_Swag Labs/input_Checkout Your Information_last-name'

18-05-2024T18:48:08 - [MESSAGE][PASSED] - Text 'ctest1' is set on object 'Object Repository/swagOrderMultiple/Page_Swag Labs/input_Checkout Your Information_last-name'

18-05-2024T18:48:08 - [TEST_STEP][PASSED] - setText(findTestObject("Object Repository/swagOrderMultiple/Page_Swag Labs/input_Checkout Your Information_postal-code"), "450003"): Text '450003' is set on object 'Object Repository/swagOrderMultiple/Page_Swag Labs/input_Checkout Your Information_postal-code'

18-05-2024T18:48:09 - [MESSAGE][PASSED] - Text '450003' is set on object 'Object Repository/swagOrderMultiple/Page_Swag Labs/input_Checkout Your Information_postal-code'

18-05-2024T18:48:09 - [TEST_STEP][PASSED] - click(findTestObject("Object Repository/swagOrderMultiple/Page_Swag Labs/input_CANCEL_btn_primary cart_button")): Object: 'Object Repository/swagOrderMultiple/Page_Swag Labs/input_CANCEL_btn_primary cart_button' is clicked on

18-05-2024T18:48:10 - [MESSAGE][PASSED] - Object: 'Object Repository/swagOrderMultiple/Page_Swag Labs/input_CANCEL_btn_primary cart_button' is clicked on

18-05-2024T18:48:10 - [TEST_STEP][PASSED] - click(findTestObject("Object Repository/swagOrderMultiple/Page_Swag Labs/a_FINISH")): Object: 'Object Repository/swagOrderMultiple/Page_Swag Labs/a_FINISH' is clicked on

18-05-2024T18:48:11 - [MESSAGE][PASSED] - Object: 'Object Repository/swagOrderMultiple/Page_Swag Labs/a_FINISH' is clicked on

18-05-2024T18:48:11 - [TEST_STEP][PASSED] - verifyElementText(findTestObject("Object Repository/swagOrderMultiple/Page_Swag Labs/h2_THANK YOU FOR YOUR ORDER"), "THANK YOU FOR YOUR ORDER"): Actual text and expected text of test object 'Object Repository/swagOrderMultiple/Page_Swag Labs/h2_THANK YOU FOR YOUR ORDER' are matched.

18-05-2024T18:48:11 - [MESSAGE][PASSED] - Actual text and expected text of test object 'Object Repository/swagOrderMultiple/Page_Swag Labs/h2_THANK YOU FOR YOUR ORDER' are matched.

18-05-2024T18:48:11 - [TEST_STEP][PASSED] - click(findTestObject("Object Repository/swagOrderMultiple/Page_Swag Labs/button_Open Menu")): Object: 'Object Repository/swagOrderMultiple/Page_Swag Labs/button_Open Menu' is clicked on

18-05-2024T18:48:12 - [MESSAGE][PASSED] - Object: 'Object Repository/swagOrderMultiple/Page_Swag Labs/button_Open Menu' is clicked on

18-05-2024T18:48:12 - [TEST_STEP][PASSED] - click(findTestObject("Object Repository/swagOrderMultiple/Page_Swag Labs/a_Logout")): Object: 'Object Repository/swagOrderMultiple/Page_Swag Labs/a_Logout' is clicked on

18-05-2024T18:48:12 - [MESSAGE][PASSED] - Object: 'Object Repository/swagOrderMultiple/Page_Swag Labs/a_Logout' is clicked on

18-05-2024T18:48:12 - [TEST_STEP][PASSED] - closeBrowser(): Browser is closed

18-05-2024T18:48:13 - [MESSAGE][PASSED] - Browser is closed]]></system-out>
         <system-err><![CDATA[]]></system-err>
      </testcase>
      <system-out><![CDATA[18-05-2024T18:45:57 - [TEST_SUITE][PASSED] - MiscellaneousProducts: Test Cases/TC_1orderproduct]]></system-out>
      <system-err><![CDATA[]]></system-err>
   </testsuite>
</testsuites>
