<?xml version="1.0" encoding="UTF-8"?>
<testsuites name="TS_1Testopsgitsuite" time="22.48" tests="1" failures="0" errors="0">
   <testsuite name="TS_1Testopsgitsuite" tests="1" failures="0" errors="0" time="22.48" skipped="0" timestamp="18-05-2024T18:41:22" hostname="GA253NH - IN3268364W1.ey.net" id="Test Suites/TS_1Testopsgitsuite">
      <properties>
         <property name="deviceName" value=""/>
         <property name="devicePlatform" value=""/>
         <property name="logFolder" value="C:\\Users\\GA253NH\\git\\katalonpractice\\Reports\\20240518_184029\\TS_1Testopsgitsuite\\20240518_184032"/>
         <property name="logFiles" value="C:\\Users\\GA253NH\\git\\katalonpractice\\Reports\\20240518_184029\\TS_1Testopsgitsuite\\20240518_184032\\execution0.log"/>
         <property name="attachments" value=""/>
         <property name="hostName" value="GA253NH - IN3268364W1.ey.net"/>
         <property name="os" value="Windows 10 64bit"/>
         <property name="katalonVersion" value="9.4.0.212"/>
         <property name="browser" value="Edge Chromium 124"/>
         <property name="hostAddress" value="192.168.0.141"/>
         <property name="sessionId" value="baa0a9a03858c174c141b3fedbb75a81"/>
         <property name="seleniumVersion" value="3.141.59"/>
         <property name="proxyInformation" value="ProxyInformation { proxyOption=NO_PROXY, proxyServerType=HTTP, username=, password=********, proxyServerAddress=, proxyServerPort=0, executionList=&quot;&quot;, isApplyToDesiredCapabilities=true }"/>
         <property name="platform" value="Windows 10"/>
      </properties>
      <testcase name="Test Cases/TC_1Testopsgit" time="22.26" classname="Test Cases/TC_1Testopsgit" status="PASSED">
         <system-out><![CDATA[18-05-2024T18:41:23 - [TEST_CASE][PASSED] - Test Cases/TC_1Testopsgit: Test Cases/TC_1Testopsgit

18-05-2024T18:41:23 - [TEST_STEP][PASSED] - openBrowser(""): Browser is opened with url: ''

18-05-2024T18:41:23 - [MESSAGE][INFO] - Starting 'Edge Chromium' driver

18-05-2024T18:41:27 - [MESSAGE][INFO] - Action delay is set to 0 milliseconds

18-05-2024T18:41:29 - [MESSAGE][PASSED] - Browser is opened with url: ''

18-05-2024T18:41:29 - [TEST_STEP][PASSED] - navigateToUrl("https://www.saucedemo.com/v1/"): Navigate to 'https://www.saucedemo.com/v1/' successfully

18-05-2024T18:41:31 - [MESSAGE][PASSED] - Navigate to 'https://www.saucedemo.com/v1/' successfully

18-05-2024T18:41:31 - [TEST_STEP][PASSED] - setText(findTestObject("Object Repository/order/Page_Swag Labs/input_standard_userlocked_out_userproblem_u_db77ac"), "standard_user"): Text 'standard_user' is set on object 'Object Repository/order/Page_Swag Labs/input_standard_userlocked_out_userproblem_u_db77ac'

18-05-2024T18:41:32 - [MESSAGE][PASSED] - Text 'standard_user' is set on object 'Object Repository/order/Page_Swag Labs/input_standard_userlocked_out_userproblem_u_db77ac'

18-05-2024T18:41:32 - [TEST_STEP][PASSED] - setEncryptedText(findTestObject("Object Repository/order/Page_Swag Labs/input_standard_userlocked_out_userproblem_u_3423e9"), "qcu24s4901FyWDTwXGr6XA=="): Text ****** has been set on object 'Object Repository/order/Page_Swag Labs/input_standard_userlocked_out_userproblem_u_3423e9'

18-05-2024T18:41:32 - [MESSAGE][PASSED] - Text ****** has been set on object 'Object Repository/order/Page_Swag Labs/input_standard_userlocked_out_userproblem_u_3423e9'

18-05-2024T18:41:32 - [TEST_STEP][PASSED] - click(findTestObject("Object Repository/order/Page_Swag Labs/input_standard_userlocked_out_userproblem_u_0dff71")): Object: 'Object Repository/order/Page_Swag Labs/input_standard_userlocked_out_userproblem_u_0dff71' is clicked on

18-05-2024T18:41:34 - [MESSAGE][PASSED] - Object: 'Object Repository/order/Page_Swag Labs/input_standard_userlocked_out_userproblem_u_0dff71' is clicked on

18-05-2024T18:41:34 - [TEST_STEP][PASSED] - click(findTestObject("Object Repository/order/Page_Swag Labs/div_Sauce Labs Backpack")): Object: 'Object Repository/order/Page_Swag Labs/div_Sauce Labs Backpack' is clicked on

18-05-2024T18:41:35 - [MESSAGE][PASSED] - Object: 'Object Repository/order/Page_Swag Labs/div_Sauce Labs Backpack' is clicked on

18-05-2024T18:41:35 - [TEST_STEP][PASSED] - click(findTestObject("Object Repository/order/Page_Swag Labs/button_ADD TO CART")): Object: 'Object Repository/order/Page_Swag Labs/button_ADD TO CART' is clicked on

18-05-2024T18:41:35 - [MESSAGE][PASSED] - Object: 'Object Repository/order/Page_Swag Labs/button_ADD TO CART' is clicked on

18-05-2024T18:41:35 - [TEST_STEP][PASSED] - click(findTestObject("Object Repository/order/Page_Swag Labs/svg_Swag Labs_svg-inline--fa fa-shopping-ca_963f6f")): Object: 'Object Repository/order/Page_Swag Labs/svg_Swag Labs_svg-inline--fa fa-shopping-ca_963f6f' is clicked on

18-05-2024T18:41:36 - [MESSAGE][PASSED] - Object: 'Object Repository/order/Page_Swag Labs/svg_Swag Labs_svg-inline--fa fa-shopping-ca_963f6f' is clicked on

18-05-2024T18:41:36 - [TEST_STEP][PASSED] - click(findTestObject("Object Repository/order/Page_Swag Labs/a_CHECKOUT")): Object: 'Object Repository/order/Page_Swag Labs/a_CHECKOUT' is clicked on

18-05-2024T18:41:37 - [MESSAGE][PASSED] - Object: 'Object Repository/order/Page_Swag Labs/a_CHECKOUT' is clicked on

18-05-2024T18:41:37 - [TEST_STEP][PASSED] - setText(findTestObject("Object Repository/order/Page_Swag Labs/input_Checkout Your Information_first-name"), "test1"): Text 'test1' is set on object 'Object Repository/order/Page_Swag Labs/input_Checkout Your Information_first-name'

18-05-2024T18:41:38 - [MESSAGE][PASSED] - Text 'test1' is set on object 'Object Repository/order/Page_Swag Labs/input_Checkout Your Information_first-name'

18-05-2024T18:41:38 - [TEST_STEP][PASSED] - setText(findTestObject("Object Repository/order/Page_Swag Labs/input_Checkout Your Information_last-name"), "katalon1"): Text 'katalon1' is set on object 'Object Repository/order/Page_Swag Labs/input_Checkout Your Information_last-name'

18-05-2024T18:41:39 - [MESSAGE][PASSED] - Text 'katalon1' is set on object 'Object Repository/order/Page_Swag Labs/input_Checkout Your Information_last-name'

18-05-2024T18:41:39 - [TEST_STEP][PASSED] - setText(findTestObject("Object Repository/order/Page_Swag Labs/input_Checkout Your Information_postal-code"), "520002"): Text '520002' is set on object 'Object Repository/order/Page_Swag Labs/input_Checkout Your Information_postal-code'

18-05-2024T18:41:40 - [MESSAGE][PASSED] - Text '520002' is set on object 'Object Repository/order/Page_Swag Labs/input_Checkout Your Information_postal-code'

18-05-2024T18:41:40 - [TEST_STEP][PASSED] - click(findTestObject("Object Repository/order/Page_Swag Labs/input_CANCEL_btn_primary cart_button")): Object: 'Object Repository/order/Page_Swag Labs/input_CANCEL_btn_primary cart_button' is clicked on

18-05-2024T18:41:41 - [MESSAGE][PASSED] - Object: 'Object Repository/order/Page_Swag Labs/input_CANCEL_btn_primary cart_button' is clicked on

18-05-2024T18:41:41 - [TEST_STEP][PASSED] - click(findTestObject("Object Repository/order/Page_Swag Labs/a_FINISH")): Object: 'Object Repository/order/Page_Swag Labs/a_FINISH' is clicked on

18-05-2024T18:41:42 - [MESSAGE][PASSED] - Object: 'Object Repository/order/Page_Swag Labs/a_FINISH' is clicked on

18-05-2024T18:41:42 - [TEST_STEP][PASSED] - click(findTestObject("Object Repository/order/Page_Swag Labs/h2_THANK YOU FOR YOUR ORDER")): Object: 'Object Repository/order/Page_Swag Labs/h2_THANK YOU FOR YOUR ORDER' is clicked on

18-05-2024T18:41:43 - [MESSAGE][PASSED] - Object: 'Object Repository/order/Page_Swag Labs/h2_THANK YOU FOR YOUR ORDER' is clicked on

18-05-2024T18:41:43 - [TEST_STEP][PASSED] - verifyElementText(findTestObject("Object Repository/order/Page_Swag Labs/h2_THANK YOU FOR YOUR ORDER"), "THANK YOU FOR YOUR ORDER"): Actual text and expected text of test object 'Object Repository/order/Page_Swag Labs/h2_THANK YOU FOR YOUR ORDER' are matched.

18-05-2024T18:41:43 - [MESSAGE][PASSED] - Actual text and expected text of test object 'Object Repository/order/Page_Swag Labs/h2_THANK YOU FOR YOUR ORDER' are matched.

18-05-2024T18:41:43 - [TEST_STEP][PASSED] - click(findTestObject("Object Repository/order/Page_Swag Labs/button_Open Menu")): Object: 'Object Repository/order/Page_Swag Labs/button_Open Menu' is clicked on

18-05-2024T18:41:44 - [MESSAGE][PASSED] - Object: 'Object Repository/order/Page_Swag Labs/button_Open Menu' is clicked on

18-05-2024T18:41:44 - [TEST_STEP][PASSED] - click(findTestObject("Object Repository/order/Page_Swag Labs/a_Logout")): Object: 'Object Repository/order/Page_Swag Labs/a_Logout' is clicked on

18-05-2024T18:41:44 - [MESSAGE][PASSED] - Object: 'Object Repository/order/Page_Swag Labs/a_Logout' is clicked on

18-05-2024T18:41:44 - [TEST_STEP][PASSED] - closeBrowser(): Browser is closed

18-05-2024T18:41:45 - [MESSAGE][PASSED] - Browser is closed]]></system-out>
         <system-err><![CDATA[]]></system-err>
      </testcase>
      <system-out><![CDATA[18-05-2024T18:41:22 - [TEST_SUITE][PASSED] - TS_1Testopsgitsuite: Test Cases/TC_1Testopsgit]]></system-out>
      <system-err><![CDATA[]]></system-err>
   </testsuite>
</testsuites>
