<?xml version="1.0" encoding="UTF-8"?>
<testsuites name="loginTestRunCollection" time="23.075" tests="1" failures="0" errors="0">
   <testsuite name="loginTestRunCollection" tests="1" failures="0" errors="0" time="23.075" skipped="0" timestamp="28-05-2024T18:26:58" hostname="GA253NH - IN3268364W1.ey.net" id="Test Suites/loginTestRunCollection">
      <properties>
         <property name="deviceName" value=""/>
         <property name="devicePlatform" value=""/>
         <property name="logFolder" value="C:\\Users\\GA253NH\\git\\katalonpractice\\Reports\\20240528_182647\\loginTestRunCollection\\20240528_182647"/>
         <property name="logFiles" value="C:\\Users\\GA253NH\\git\\katalonpractice\\Reports\\20240528_182647\\loginTestRunCollection\\20240528_182647\\execution0.log"/>
         <property name="attachments" value="keyes\keyes-screenshotpicture.png"/>
         <property name="hostName" value="GA253NH - IN3268364W1.ey.net"/>
         <property name="os" value="Windows 10 64bit"/>
         <property name="katalonVersion" value="9.4.0.212"/>
         <property name="browser" value="Edge Chromium 125"/>
         <property name="hostAddress" value="192.168.0.101"/>
         <property name="sessionId" value="5ad83b4933cbe97bd99132c3d0fc0946"/>
         <property name="seleniumVersion" value="3.141.59"/>
         <property name="proxyInformation" value="ProxyInformation { proxyOption=NO_PROXY, proxyServerType=HTTP, username=, password=********, proxyServerAddress=, proxyServerPort=0, executionList=&quot;&quot;, isApplyToDesiredCapabilities=true }"/>
         <property name="platform" value="Windows 10"/>
      </properties>
      <testcase name="Test Cases/loginRunTime" time="22.592" classname="Test Cases/loginRunTime" status="PASSED">
         <system-out><![CDATA[28-05-2024T18:26:58 - [TEST_CASE][PASSED] - Test Cases/loginRunTime: Test Cases/loginRunTime

28-05-2024T18:26:59 - [TEST_STEP][PASSED] - callTestCase(findTestCase("login"), ["username":"standard_user", "password":"secret_sauce", "url":"https://www.saucedemo.com/v1/"], STOP_ON_FAILURE): Call Test Case 'Test Cases/login' successfully

28-05-2024T18:27:00 - [TEST_CASE][PASSED] - Test Cases/login: Test Cases/login

28-05-2024T18:27:00 - [TEST_STEP][PASSED] - openBrowser(""): Browser is opened with url: ''

28-05-2024T18:27:01 - [MESSAGE][INFO] - Starting 'Edge Chromium' driver

28-05-2024T18:27:03 - [MESSAGE][INFO] - Action delay is set to 0 milliseconds

28-05-2024T18:27:07 - [MESSAGE][PASSED] - Browser is opened with url: ''

28-05-2024T18:27:07 - [TEST_STEP][PASSED] - navigateToUrl(url): Navigate to 'https://www.saucedemo.com/v1/' successfully

28-05-2024T18:27:13 - [MESSAGE][PASSED] - Navigate to 'https://www.saucedemo.com/v1/' successfully

28-05-2024T18:27:13 - [TEST_STEP][PASSED] - setText(findTestObject("Object Repository/order/Page_Swag Labs/input_standard_userlocked_out_userproblem_u_db77ac"), username): Text 'standard_user' is set on object 'Object Repository/order/Page_Swag Labs/input_standard_userlocked_out_userproblem_u_db77ac'

28-05-2024T18:27:14 - [MESSAGE][PASSED] - Text 'standard_user' is set on object 'Object Repository/order/Page_Swag Labs/input_standard_userlocked_out_userproblem_u_db77ac'

28-05-2024T18:27:14 - [TEST_STEP][PASSED] - setText(findTestObject("Object Repository/order/Page_Swag Labs/input_standard_userlocked_out_userproblem_u_3423e9"), password): Text 'secret_sauce' is set on object 'Object Repository/order/Page_Swag Labs/input_standard_userlocked_out_userproblem_u_3423e9'

28-05-2024T18:27:15 - [MESSAGE][PASSED] - Text 'secret_sauce' is set on object 'Object Repository/order/Page_Swag Labs/input_standard_userlocked_out_userproblem_u_3423e9'

28-05-2024T18:27:15 - [TEST_STEP][PASSED] - takeScreenshotAsCheckpoint("screenshotpicture"): Taking screenshot successfully

28-05-2024T18:27:16 - [MESSAGE][INFO] - 0 hidden object(s)

28-05-2024T18:27:16 - [MESSAGE][PASSED] - Taking screenshot successfully
[[ATTACHMENT|keyes\keyes-screenshotpicture.png]]

28-05-2024T18:27:16 - [TEST_STEP][PASSED] - click(findTestObject("Object Repository/order/Page_Swag Labs/input_standard_userlocked_out_userproblem_u_0dff71")): Object: 'Object Repository/order/Page_Swag Labs/input_standard_userlocked_out_userproblem_u_0dff71' is clicked on

28-05-2024T18:27:18 - [MESSAGE][PASSED] - Object: 'Object Repository/order/Page_Swag Labs/input_standard_userlocked_out_userproblem_u_0dff71' is clicked on

28-05-2024T18:27:18 - [TEST_STEP][PASSED] - click(findTestObject("Object Repository/order/Page_Swag Labs/button_Open Menu")): Object: 'Object Repository/order/Page_Swag Labs/button_Open Menu' is clicked on

28-05-2024T18:27:18 - [MESSAGE][PASSED] - Object: 'Object Repository/order/Page_Swag Labs/button_Open Menu' is clicked on

28-05-2024T18:27:18 - [TEST_STEP][PASSED] - click(findTestObject("Object Repository/order/Page_Swag Labs/a_Logout")): Object: 'Object Repository/order/Page_Swag Labs/a_Logout' is clicked on

28-05-2024T18:27:19 - [MESSAGE][PASSED] - Object: 'Object Repository/order/Page_Swag Labs/a_Logout' is clicked on

28-05-2024T18:27:19 - [TEST_STEP][PASSED] - closeBrowser(): Browser is closed

28-05-2024T18:27:21 - [MESSAGE][PASSED] - Browser is closed

28-05-2024T18:27:21 - [MESSAGE][PASSED] - Call Test Case 'Test Cases/login' successfully]]></system-out>
         <system-err><![CDATA[]]></system-err>
      </testcase>
      <system-out><![CDATA[28-05-2024T18:26:58 - [TEST_SUITE][PASSED] - loginTestRunCollection: Test Cases/loginRunTime]]></system-out>
      <system-err><![CDATA[]]></system-err>
   </testsuite>
</testsuites>
