<?xml version="1.0" encoding="UTF-8"?>
<testsuites name="Login" time="29.397" tests="2" failures="0" errors="0">
   <testsuite name="Login" tests="2" failures="0" errors="0" time="29.397" skipped="0" timestamp="18-05-2024T18:40:47" hostname="GA253NH - IN3268364W1.ey.net" id="Test Suites/Login">
      <properties>
         <property name="deviceName" value=""/>
         <property name="devicePlatform" value=""/>
         <property name="logFolder" value="C:\\Users\\GA253NH\\git\\katalonpractice\\Reports\\20240518_184029\\Login\\20240518_184030"/>
         <property name="logFiles" value="C:\\Users\\GA253NH\\git\\katalonpractice\\Reports\\20240518_184029\\Login\\20240518_184030\\execution0.log"/>
         <property name="attachments" value=""/>
         <property name="hostName" value="GA253NH - IN3268364W1.ey.net"/>
         <property name="os" value="Windows 10 64bit"/>
         <property name="katalonVersion" value="9.4.0.212"/>
         <property name="browser" value="Edge Chromium 124"/>
         <property name="hostAddress" value="192.168.0.141"/>
         <property name="sessionId" value="aacf0017682ae5d3459baa6e9dae0e0c"/>
         <property name="seleniumVersion" value="3.141.59"/>
         <property name="proxyInformation" value="ProxyInformation { proxyOption=NO_PROXY, proxyServerType=HTTP, username=, password=********, proxyServerAddress=, proxyServerPort=0, executionList=&quot;&quot;, isApplyToDesiredCapabilities=true }"/>
         <property name="platform" value="Windows 10"/>
      </properties>
      <testcase name="Test Cases/login" time="14.505" classname="Test Cases/login" status="PASSED">
         <system-out><![CDATA[18-05-2024T18:40:47 - [TEST_CASE][PASSED] - Test Cases/login: Test Cases/login

18-05-2024T18:40:47 - [TEST_STEP][PASSED] - openBrowser(""): Browser is opened with url: ''

18-05-2024T18:40:48 - [MESSAGE][INFO] - Starting 'Edge Chromium' driver

18-05-2024T18:40:51 - [MESSAGE][INFO] - Action delay is set to 0 milliseconds

18-05-2024T18:40:54 - [MESSAGE][PASSED] - Browser is opened with url: ''

18-05-2024T18:40:54 - [TEST_STEP][PASSED] - navigateToUrl("https://www.saucedemo.com/v1/"): Navigate to 'https://www.saucedemo.com/v1/' successfully

18-05-2024T18:40:56 - [MESSAGE][PASSED] - Navigate to 'https://www.saucedemo.com/v1/' successfully

18-05-2024T18:40:56 - [TEST_STEP][PASSED] - setText(findTestObject("Object Repository/order/Page_Swag Labs/input_standard_userlocked_out_userproblem_u_db77ac"), "standard_user"): Text 'standard_user' is set on object 'Object Repository/order/Page_Swag Labs/input_standard_userlocked_out_userproblem_u_db77ac'

18-05-2024T18:40:57 - [MESSAGE][PASSED] - Text 'standard_user' is set on object 'Object Repository/order/Page_Swag Labs/input_standard_userlocked_out_userproblem_u_db77ac'

18-05-2024T18:40:57 - [TEST_STEP][PASSED] - setEncryptedText(findTestObject("Object Repository/order/Page_Swag Labs/input_standard_userlocked_out_userproblem_u_3423e9"), "qcu24s4901FyWDTwXGr6XA=="): Text ****** has been set on object 'Object Repository/order/Page_Swag Labs/input_standard_userlocked_out_userproblem_u_3423e9'

18-05-2024T18:40:57 - [MESSAGE][PASSED] - Text ****** has been set on object 'Object Repository/order/Page_Swag Labs/input_standard_userlocked_out_userproblem_u_3423e9'

18-05-2024T18:40:57 - [TEST_STEP][PASSED] - click(findTestObject("Object Repository/order/Page_Swag Labs/input_standard_userlocked_out_userproblem_u_0dff71")): Object: 'Object Repository/order/Page_Swag Labs/input_standard_userlocked_out_userproblem_u_0dff71' is clicked on

18-05-2024T18:41:00 - [MESSAGE][PASSED] - Object: 'Object Repository/order/Page_Swag Labs/input_standard_userlocked_out_userproblem_u_0dff71' is clicked on

18-05-2024T18:41:00 - [TEST_STEP][PASSED] - click(findTestObject("Object Repository/order/Page_Swag Labs/button_Open Menu")): Object: 'Object Repository/order/Page_Swag Labs/button_Open Menu' is clicked on

18-05-2024T18:41:00 - [MESSAGE][PASSED] - Object: 'Object Repository/order/Page_Swag Labs/button_Open Menu' is clicked on

18-05-2024T18:41:00 - [TEST_STEP][PASSED] - click(findTestObject("Object Repository/order/Page_Swag Labs/a_Logout")): Object: 'Object Repository/order/Page_Swag Labs/a_Logout' is clicked on

18-05-2024T18:41:01 - [MESSAGE][PASSED] - Object: 'Object Repository/order/Page_Swag Labs/a_Logout' is clicked on

18-05-2024T18:41:01 - [TEST_STEP][PASSED] - closeBrowser(): Browser is closed

18-05-2024T18:41:02 - [MESSAGE][PASSED] - Browser is closed]]></system-out>
         <system-err><![CDATA[]]></system-err>
      </testcase>
      <testcase name="Test Cases/login2" time="14.642" classname="Test Cases/login2" status="PASSED">
         <system-out><![CDATA[18-05-2024T18:41:02 - [TEST_CASE][PASSED] - Test Cases/login2: Test Cases/login2

18-05-2024T18:41:02 - [TEST_STEP][PASSED] - openBrowser(""): Browser is opened with url: ''

18-05-2024T18:41:02 - [MESSAGE][INFO] - Starting 'Edge Chromium' driver

18-05-2024T18:41:04 - [MESSAGE][INFO] - Action delay is set to 0 milliseconds

18-05-2024T18:41:06 - [MESSAGE][PASSED] - Browser is opened with url: ''

18-05-2024T18:41:06 - [TEST_STEP][PASSED] - navigateToUrl("https://petstore.octoperf.com/"): Navigate to 'https://petstore.octoperf.com/' successfully

18-05-2024T18:41:08 - [MESSAGE][PASSED] - Navigate to 'https://petstore.octoperf.com/' successfully

18-05-2024T18:41:08 - [TEST_STEP][PASSED] - click(findTestObject("Object Repository/login2/Page_JPetStore Demo/a_Enter the Store")): Object: 'Object Repository/login2/Page_JPetStore Demo/a_Enter the Store' is clicked on

18-05-2024T18:41:10 - [MESSAGE][PASSED] - Object: 'Object Repository/login2/Page_JPetStore Demo/a_Enter the Store' is clicked on

18-05-2024T18:41:10 - [TEST_STEP][PASSED] - click(findTestObject("Object Repository/login2/Page_JPetStore Demo/a_Sign In")): Object: 'Object Repository/login2/Page_JPetStore Demo/a_Sign In' is clicked on

18-05-2024T18:41:11 - [MESSAGE][PASSED] - Object: 'Object Repository/login2/Page_JPetStore Demo/a_Sign In' is clicked on

18-05-2024T18:41:11 - [TEST_STEP][PASSED] - setText(findTestObject("Object Repository/login2/Page_JPetStore Demo/input_Need a user name and password_username"), "mohan1"): Text 'mohan1' is set on object 'Object Repository/login2/Page_JPetStore Demo/input_Need a user name and password_username'

18-05-2024T18:41:12 - [MESSAGE][PASSED] - Text 'mohan1' is set on object 'Object Repository/login2/Page_JPetStore Demo/input_Need a user name and password_username'

18-05-2024T18:41:12 - [TEST_STEP][PASSED] - setEncryptedText(findTestObject("Object Repository/login2/Page_JPetStore Demo/input_Need a user name and password_password"), "NXt0rM6HQe0="): Text ****** has been set on object 'Object Repository/login2/Page_JPetStore Demo/input_Need a user name and password_password'

18-05-2024T18:41:12 - [MESSAGE][PASSED] - Text ****** has been set on object 'Object Repository/login2/Page_JPetStore Demo/input_Need a user name and password_password'

18-05-2024T18:41:12 - [TEST_STEP][PASSED] - click(findTestObject("Object Repository/login2/Page_JPetStore Demo/input_Need a user name and password_signon")): Object: 'Object Repository/login2/Page_JPetStore Demo/input_Need a user name and password_signon' is clicked on

18-05-2024T18:41:13 - [MESSAGE][PASSED] - Object: 'Object Repository/login2/Page_JPetStore Demo/input_Need a user name and password_signon' is clicked on

18-05-2024T18:41:13 - [TEST_STEP][PASSED] - click(findTestObject("Object Repository/login2/Page_JPetStore Demo/a_My Account")): Object: 'Object Repository/login2/Page_JPetStore Demo/a_My Account' is clicked on

18-05-2024T18:41:14 - [MESSAGE][PASSED] - Object: 'Object Repository/login2/Page_JPetStore Demo/a_My Account' is clicked on

18-05-2024T18:41:14 - [TEST_STEP][PASSED] - verifyElementText(findTestObject("Object Repository/login2/Page_JPetStore Demo/td_mohan1"), "mohan1"): Actual text and expected text of test object 'Object Repository/login2/Page_JPetStore Demo/td_mohan1' are matched.

18-05-2024T18:41:14 - [MESSAGE][PASSED] - Actual text and expected text of test object 'Object Repository/login2/Page_JPetStore Demo/td_mohan1' are matched.

18-05-2024T18:41:14 - [TEST_STEP][PASSED] - click(findTestObject("Object Repository/login2/Page_JPetStore Demo/a_Sign Out")): Object: 'Object Repository/login2/Page_JPetStore Demo/a_Sign Out' is clicked on

18-05-2024T18:41:15 - [MESSAGE][PASSED] - Object: 'Object Repository/login2/Page_JPetStore Demo/a_Sign Out' is clicked on

18-05-2024T18:41:15 - [TEST_STEP][PASSED] - closeBrowser(): Browser is closed

18-05-2024T18:41:16 - [MESSAGE][PASSED] - Browser is closed]]></system-out>
         <system-err><![CDATA[]]></system-err>
      </testcase>
      <system-out><![CDATA[18-05-2024T18:40:47 - [TEST_SUITE][PASSED] - Login: Test Cases/login2]]></system-out>
      <system-err><![CDATA[]]></system-err>
   </testsuite>
</testsuites>
